#
# A fatal error has been detected by the Java Runtime Environment:
#
#  SIGSEGV (0xb) at pc=0x00007f7734044ca6, pid=44786, tid=44787
#
# JRE version: OpenJDK Runtime Environment Zulu11.41+23-CA (11.0.8+10) (build 11.0.8+10-LTS)
# Java VM: OpenJDK 64-Bit Server VM Zulu11.41+23-CA (11.0.8+10-LTS, mixed mode, tiered, compressed oops, g1 gc, linux-amd64)
# Problematic frame:
# C  [libDBM.so+0xbca6]  helper_functions::jintToC(JNIEnv_*, _jintArray*, int)+0x96
#
# Core dump will be written. Default location: Core dumps may be processed with "/usr/share/apport/apport %p %s %c %d %P %E" (or dumping to /home/niels/Documents/GitHub/Ecdar-GUI/core.44786)
#
# If you would like to submit a bug report, please visit:
#   http://www.azulsystems.com/support/
# The crash happened outside the Java Virtual Machine in native code.
# See problematic frame for where to report the bug.
#

---------------  S U M M A R Y ------------

Command Line: src/libs/j-Ecdar.jar

Host: Intel(R) Core(TM) i7-8565U CPU @ 1.80GHz, 8 cores, 15G, Ubuntu 20.04.1 LTS
Time: Fri Nov 27 16:40:05 2020 CET elapsed time: 0 seconds (0d 0h 0m 0s)

---------------  T H R E A D  ---------------

Current thread (0x00007f7750016000):  JavaThread "main" [_thread_in_native, id=44787, stack(0x00007f77562ce000,0x00007f77563cf000)]

Stack: [0x00007f77562ce000,0x00007f77563cf000],  sp=0x00007f77563cd140,  free space=1020k
Native frames: (J=compiled Java code, A=aot compiled Java code, j=interpreted, Vv=VM code, C=native code)
C  [libDBM.so+0xbca6]  helper_functions::jintToC(JNIEnv_*, _jintArray*, int)+0x96
C  [libDBM.so+0xc9ba]  Java_lib_DBMLib_dbm_1extrapolateMaxBounds+0x65
j  lib.DBMLib.dbm_extrapolateMaxBounds([II[I)[I+0
j  models.Zone.extrapolateMaxBounds([I)V+10
j  models.State.extrapolateMaxBounds([I)V+5
j  logic.Refinement.buildStatePair(Lmodels/Transition;Lmodels/Transition;)Lmodels/StatePair;+140
J 690 c1 logic.Refinement.createNewStatePairs(Ljava/util/List;Ljava/util/List;)Z (331 bytes) @ 0x00007f7737c25bd4 [0x00007f7737c23b40+0x0000000000002094]
j  logic.Refinement.checkActions(Lmodels/State;Lmodels/State;Z)Z+225
j  logic.Refinement.checkOutputs(Lmodels/State;Lmodels/State;)Z+4
j  logic.Refinement.checkRef()Z+225
j  logic.Refinement.check()Z+5
j  logic.Controller.runQueries(Z)Ljava/util/List;+196
j  logic.Controller.handleRequest(Ljava/lang/String;Z)Ljava/util/List;+78
j  connection.Main.chooseCommand(Ljava/lang/String;)Ljava/lang/String;+204
j  connection.Main.main([Ljava/lang/String;)V+25
v  ~StubRoutines::call_stub
V  [libjvm.so+0x8a0b42]  JavaCalls::call_helper(JavaValue*, methodHandle const&, JavaCallArguments*, Thread*)+0x3c2
V  [libjvm.so+0x910ff7]  jni_invoke_static(JNIEnv_*, JavaValue*, _jobject*, JNICallType, _jmethodID*, JNI_ArgumentPusher*, Thread*) [clone .isra.75]+0x227
V  [libjvm.so+0x918b6b]  jni_CallStaticVoidMethod+0x16b
C  [libjli.so+0x526f]  JavaMain+0xa8f

Java frames: (J=compiled Java code, j=interpreted, Vv=VM code)
j  lib.DBMLib.dbm_extrapolateMaxBounds([II[I)[I+0
j  models.Zone.extrapolateMaxBounds([I)V+10
j  models.State.extrapolateMaxBounds([I)V+5
j  logic.Refinement.buildStatePair(Lmodels/Transition;Lmodels/Transition;)Lmodels/StatePair;+140
J 690 c1 logic.Refinement.createNewStatePairs(Ljava/util/List;Ljava/util/List;)Z (331 bytes) @ 0x00007f7737c25bd4 [0x00007f7737c23b40+0x0000000000002094]
j  logic.Refinement.checkActions(Lmodels/State;Lmodels/State;Z)Z+225
j  logic.Refinement.checkOutputs(Lmodels/State;Lmodels/State;)Z+4
j  logic.Refinement.checkRef()Z+225
j  logic.Refinement.check()Z+5
j  logic.Controller.runQueries(Z)Ljava/util/List;+196
j  logic.Controller.handleRequest(Ljava/lang/String;Z)Ljava/util/List;+78
j  connection.Main.chooseCommand(Ljava/lang/String;)Ljava/lang/String;+204
j  connection.Main.main([Ljava/lang/String;)V+25
v  ~StubRoutines::call_stub

siginfo: si_signo: 11 (SIGSEGV), si_code: 2 (SEGV_ACCERR), si_addr: 0x00007f775079a000

Register to memory mapping:

RAX=0x00007f775079a000 points into unknown readable memory: 3a 3a 6a 69 6e 74 54 6f
RBX={method} {0x00007f771beb5088} 'dbm_extrapolateMaxBounds' '([II[I)[I' in 'lib/DBMLib'
RCX=0x0000000000000050 is an unknown value
RDX=0x00007f7750799f90 points into unknown readable memory: 00 00 00 00 00 00 00 00
RSP=0x00007f77563cd140 is pointing into the stack for thread: 0x00007f7750016000
RBP=0x00007f77563cd180 is pointing into the stack for thread: 0x00007f7750016000
RSI=0x0000000000000014 is an unknown value
RDI=0x00007f77563cd090 is pointing into the stack for thread: 0x00007f7750016000
R8 =0x0000000000000005 is an unknown value
R9 =0x0 is NULL
R10=0x00007f773758d301 is at code_begin+897 in an Interpreter codelet
method entry point (kind = native)  [0x00007f773758cf80, 0x00007f773758d900]  2432 bytes
R11=0x00007f7750000080 points into unknown readable memory: 50 4c 7a 50 77 7f 00 00
R12=0x0 is NULL
R13={method} {0x00007f771beb5088} 'dbm_extrapolateMaxBounds' '([II[I)[I' in 'lib/DBMLib'
R14=0x00007f77563cd280 is pointing into the stack for thread: 0x00007f7750016000
R15=0x00007f7750016000 is a thread


Registers:
RAX=0x00007f775079a000, RBX=0x00007f771beb5088, RCX=0x0000000000000050, RDX=0x00007f7750799f90
RSP=0x00007f77563cd140, RBP=0x00007f77563cd180, RSI=0x0000000000000014, RDI=0x00007f77563cd090
R8 =0x0000000000000005, R9 =0x0000000000000000, R10=0x00007f773758d301, R11=0x00007f7750000080
R12=0x0000000000000000, R13=0x00007f771beb5088, R14=0x00007f77563cd280, R15=0x00007f7750016000
RIP=0x00007f7734044ca6, EFLAGS=0x0000000000010206, CSGSFS=0x002b000000000033, ERR=0x0000000000000004
  TRAPNO=0x000000000000000e

Top of Stack: (sp=0x00007f77563cd140)
0x00007f77563cd140:   00007f77563cd198 00000019563cd190
0x00007f77563cd150:   00007f77563cd270 00007f7750016340
0x00007f77563cd160:   00007f77563cd180 0000001434045ac4
0x00007f77563cd170:   00007f7750799f40 00007f7750799fb0 

Instructions: (pc=0x00007f7734044ca6)
0x00007f7734044ba6:   0b 45 f8 83 e0 01 29 c2 89 d0 eb 05 b8 fe ff ff
0x00007f7734044bb6:   7f c9 c3 55 48 89 e5 48 83 ec 10 48 89 7d f8 89
0x00007f7734044bc6:   75 f4 8b 45 f4 0f af c0 89 c1 48 8b 45 f8 ba 01
0x00007f7734044bd6:   00 00 00 48 89 ce 48 89 c7 e8 cc eb ff ff 90 c9
0x00007f7734044be6:   c3 55 48 89 e5 48 89 7d f8 48 8b 45 f8 83 e0 03
0x00007f7734044bf6:   48 85 c0 75 0e 48 83 7d f8 00 74 07 b8 01 00 00
0x00007f7734044c06:   00 eb 05 b8 00 00 00 00 5d c3 f3 0f 1e fa 55 48
0x00007f7734044c16:   89 e5 48 83 ec 40 48 89 7d d8 48 89 75 d0 89 55
0x00007f7734044c26:   cc 8b 45 cc 48 98 48 ba fe ff ff ff ff ff ff 1f
0x00007f7734044c36:   48 39 d0 77 35 48 c1 e0 02 48 89 c7 e8 79 e4 ff
0x00007f7734044c46:   ff 48 89 45 f0 48 8b 4d d0 48 8b 45 d8 ba 00 00
0x00007f7734044c56:   00 00 48 89 ce 48 89 c7 e8 5d e9 ff ff 48 89 45
0x00007f7734044c66:   f8 c7 45 ec 00 00 00 00 eb 05 e8 4b f0 ff ff 8b
0x00007f7734044c76:   45 ec 3b 45 cc 7d 33 8b 45 ec 48 98 48 8d 14 85
0x00007f7734044c86:   00 00 00 00 48 8b 45 f8 48 01 d0 8b 55 ec 48 63
0x00007f7734044c96:   d2 48 8d 0c 95 00 00 00 00 48 8b 55 f0 48 01 ca
0x00007f7734044ca6:   8b 00 89 02 83 45 ec 01 eb c5 48 8b 45 f0 c9 c3
0x00007f7734044cb6:   f3 0f 1e fa 55 48 89 e5 48 83 ec 40 48 89 7d d8
0x00007f7734044cc6:   48 89 75 d0 89 55 cc 8b 55 cc 48 8b 45 d8 89 d6
0x00007f7734044cd6:   48 89 c7 e8 12 e4 ff ff 48 89 45 f0 8b 45 cc 48
0x00007f7734044ce6:   98 48 ba fe ff ff ff ff ff ff 1f 48 39 d0 77 19
0x00007f7734044cf6:   48 c1 e0 02 48 89 c7 e8 be e3 ff ff 48 89 45 f8
0x00007f7734044d06:   c7 45 ec 00 00 00 00 eb 05 e8 ac ef ff ff 8b 45
0x00007f7734044d16:   ec 3b 45 cc 7d 33 8b 45 ec 48 98 48 8d 14 85 00
0x00007f7734044d26:   00 00 00 48 8b 45 d0 48 01 d0 8b 55 ec 48 63 d2
0x00007f7734044d36:   48 8d 0c 95 00 00 00 00 48 8b 55 f8 48 01 ca 8b
0x00007f7734044d46:   00 89 02 83 45 ec 01 eb c5 48 8b 4d f8 8b 55 cc
0x00007f7734044d56:   48 8b 75 f0 48 8b 45 d8 49 89 c8 89 d1 ba 00 00
0x00007f7734044d66:   00 00 48 89 c7 e8 d0 e4 ff ff 48 8b 45 f0 c9 c3
0x00007f7734044d76:   f3 0f 1e fa 55 48 89 e5 48 83 ec 60 48 89 7d b8
0x00007f7734044d86:   48 89 75 b0 89 55 ac 64 48 8b 04 25 28 00 00 00
0x00007f7734044d96:   48 89 45 f8 31 c0 48 8b 45 b0 48 89 c7 e8 78 eb 


Stack slot to memory mapping:
stack at sp + 0 slots: 0x00007f77563cd198 is pointing into the stack for thread: 0x00007f7750016000
stack at sp + 1 slots: 0x00000019563cd190 is an unknown value
stack at sp + 2 slots: 0x00007f77563cd270 is pointing into the stack for thread: 0x00007f7750016000
stack at sp + 3 slots: 0x00007f7750016340 points into unknown readable memory: 40 cb 93 57 77 7f 00 00
stack at sp + 4 slots: 0x00007f77563cd180 is pointing into the stack for thread: 0x00007f7750016000
stack at sp + 5 slots: 0x0000001434045ac4 is an unknown value
stack at sp + 6 slots: 0x00007f7750799f40 points into unknown readable memory: 00 00 00 00 02 00 00 00
stack at sp + 7 slots: 0x00007f7750799fb0 points into unknown readable memory: 00 00 00 00 02 00 00 00


---------------  P R O C E S S  ---------------

Threads class SMR info:
_java_thread_list=0x00007f76f8425a60, length=11, elements={
0x00007f7750016000, 0x00007f775025d000, 0x00007f7750261000, 0x00007f7750277000,
0x00007f7750279000, 0x00007f775027b000, 0x00007f775027d000, 0x00007f77502fc800,
0x00007f7750306000, 0x00007f76f8391000, 0x00007f76f8424000
}

Java Threads: ( => current thread )
=>0x00007f7750016000 JavaThread "main" [_thread_in_native, id=44787, stack(0x00007f77562ce000,0x00007f77563cf000)]
  0x00007f775025d000 JavaThread "Reference Handler" daemon [_thread_blocked, id=44797, stack(0x00007f772828c000,0x00007f772838d000)]
  0x00007f7750261000 JavaThread "Finalizer" daemon [_thread_blocked, id=44798, stack(0x00007f772818b000,0x00007f772828c000)]
  0x00007f7750277000 JavaThread "Signal Dispatcher" daemon [_thread_blocked, id=44799, stack(0x00007f772808a000,0x00007f772818b000)]
  0x00007f7750279000 JavaThread "C2 CompilerThread0" daemon [_thread_blocked, id=44800, stack(0x00007f771b18f000,0x00007f771b290000)]
  0x00007f775027b000 JavaThread "C1 CompilerThread0" daemon [_thread_blocked, id=44801, stack(0x00007f771b08e000,0x00007f771b18f000)]
  0x00007f775027d000 JavaThread "Sweeper thread" daemon [_thread_blocked, id=44802, stack(0x00007f771af8d000,0x00007f771b08e000)]
  0x00007f77502fc800 JavaThread "Service Thread" daemon [_thread_blocked, id=44803, stack(0x00007f771ae8c000,0x00007f771af8d000)]
  0x00007f7750306000 JavaThread "Common-Cleaner" daemon [_thread_blocked, id=44805, stack(0x00007f771ac89000,0x00007f771ad8a000)]
  0x00007f76f8391000 JavaThread "C2 CompilerThread1" daemon [_thread_in_native, id=44806, stack(0x00007f771a57d000,0x00007f771a67e000)]
  0x00007f76f8424000 JavaThread "C2 CompilerThread2" daemon [_thread_blocked, id=44807, stack(0x00007f771a47c000,0x00007f771a57d000)]

Other Threads:
  0x00007f7750254800 VMThread "VM Thread" [stack: 0x00007f772838f000,0x00007f772848f000] [id=44796]
  0x00007f77502ff000 WatcherThread [stack: 0x00007f771ad8c000,0x00007f771ae8c000] [id=44804]
  0x00007f775002d800 GCTaskThread "GC Thread#0" [stack: 0x00007f7755770000,0x00007f7755870000] [id=44790]
  0x00007f775008a800 ConcurrentGCThread "G1 Main Marker" [stack: 0x00007f7736bd1000,0x00007f7736cd1000] [id=44791]
  0x00007f775008c800 ConcurrentGCThread "G1 Conc#0" [stack: 0x00007f7736acf000,0x00007f7736bcf000] [id=44792]
  0x00007f7750188800 ConcurrentGCThread "G1 Refine#0" [stack: 0x00007f77341c5000,0x00007f77342c5000] [id=44793]
  0x00007f775018a800 ConcurrentGCThread "G1 Young RemSet Sampling" [stack: 0x00007f77340c3000,0x00007f77341c3000] [id=44795]

Threads with active compile tasks:
C2 CompilerThread1    518  705       4       java.util.stream.AbstractPipeline::evaluate (94 bytes)

VM state:not at safepoint (normal execution)

VM Mutex/Monitor currently owned by a thread: None

Heap address: 0x000000070a200000, size: 3934 MB, Compressed Oops mode: Zero based, Oop shift amount: 3
Narrow klass base: 0x0000000800000000, Narrow klass shift: 0
Compressed class space size: 1073741824 Address: 0x0000000800000000

Heap:
 garbage-first heap   total 251904K, used 11264K [0x000000070a200000, 0x0000000800000000)
  region size 1024K, 12 young (12288K), 0 survivors (0K)
 Metaspace       used 7962K, capacity 8139K, committed 8320K, reserved 1056768K
  class space    used 715K, capacity 793K, committed 896K, reserved 1048576K
Heap Regions: E=young(eden), S=young(survivor), O=old, HS=humongous(starts), HC=humongous(continues), CS=collection set, F=free, A=archive, TAMS=top-at-mark-start (previous, next)
|   0|0x000000070a200000, 0x000000070a200000, 0x000000070a300000|  0%| F|  |TAMS 0x000000070a200000, 0x000000070a200000| Untracked 
|   1|0x000000070a300000, 0x000000070a300000, 0x000000070a400000|  0%| F|  |TAMS 0x000000070a300000, 0x000000070a300000| Untracked 
|   2|0x000000070a400000, 0x000000070a400000, 0x000000070a500000|  0%| F|  |TAMS 0x000000070a400000, 0x000000070a400000| Untracked 
|   3|0x000000070a500000, 0x000000070a500000, 0x000000070a600000|  0%| F|  |TAMS 0x000000070a500000, 0x000000070a500000| Untracked 
|   4|0x000000070a600000, 0x000000070a600000, 0x000000070a700000|  0%| F|  |TAMS 0x000000070a600000, 0x000000070a600000| Untracked 
|   5|0x000000070a700000, 0x000000070a700000, 0x000000070a800000|  0%| F|  |TAMS 0x000000070a700000, 0x000000070a700000| Untracked 
|   6|0x000000070a800000, 0x000000070a800000, 0x000000070a900000|  0%| F|  |TAMS 0x000000070a800000, 0x000000070a800000| Untracked 
|   7|0x000000070a900000, 0x000000070a900000, 0x000000070aa00000|  0%| F|  |TAMS 0x000000070a900000, 0x000000070a900000| Untracked 
|   8|0x000000070aa00000, 0x000000070aa00000, 0x000000070ab00000|  0%| F|  |TAMS 0x000000070aa00000, 0x000000070aa00000| Untracked 
|   9|0x000000070ab00000, 0x000000070ab00000, 0x000000070ac00000|  0%| F|  |TAMS 0x000000070ab00000, 0x000000070ab00000| Untracked 
|  10|0x000000070ac00000, 0x000000070ac00000, 0x000000070ad00000|  0%| F|  |TAMS 0x000000070ac00000, 0x000000070ac00000| Untracked 
|  11|0x000000070ad00000, 0x000000070ad00000, 0x000000070ae00000|  0%| F|  |TAMS 0x000000070ad00000, 0x000000070ad00000| Untracked 
|  12|0x000000070ae00000, 0x000000070ae00000, 0x000000070af00000|  0%| F|  |TAMS 0x000000070ae00000, 0x000000070ae00000| Untracked 
|  13|0x000000070af00000, 0x000000070af00000, 0x000000070b000000|  0%| F|  |TAMS 0x000000070af00000, 0x000000070af00000| Untracked 
|  14|0x000000070b000000, 0x000000070b000000, 0x000000070b100000|  0%| F|  |TAMS 0x000000070b000000, 0x000000070b000000| Untracked 
|  15|0x000000070b100000, 0x000000070b100000, 0x000000070b200000|  0%| F|  |TAMS 0x000000070b100000, 0x000000070b100000| Untracked 
|  16|0x000000070b200000, 0x000000070b200000, 0x000000070b300000|  0%| F|  |TAMS 0x000000070b200000, 0x000000070b200000| Untracked 
|  17|0x000000070b300000, 0x000000070b300000, 0x000000070b400000|  0%| F|  |TAMS 0x000000070b300000, 0x000000070b300000| Untracked 
|  18|0x000000070b400000, 0x000000070b400000, 0x000000070b500000|  0%| F|  |TAMS 0x000000070b400000, 0x000000070b400000| Untracked 
|  19|0x000000070b500000, 0x000000070b500000, 0x000000070b600000|  0%| F|  |TAMS 0x000000070b500000, 0x000000070b500000| Untracked 
|  20|0x000000070b600000, 0x000000070b600000, 0x000000070b700000|  0%| F|  |TAMS 0x000000070b600000, 0x000000070b600000| Untracked 
|  21|0x000000070b700000, 0x000000070b700000, 0x000000070b800000|  0%| F|  |TAMS 0x000000070b700000, 0x000000070b700000| Untracked 
|  22|0x000000070b800000, 0x000000070b800000, 0x000000070b900000|  0%| F|  |TAMS 0x000000070b800000, 0x000000070b800000| Untracked 
|  23|0x000000070b900000, 0x000000070b900000, 0x000000070ba00000|  0%| F|  |TAMS 0x000000070b900000, 0x000000070b900000| Untracked 
|  24|0x000000070ba00000, 0x000000070ba00000, 0x000000070bb00000|  0%| F|  |TAMS 0x000000070ba00000, 0x000000070ba00000| Untracked 
|  25|0x000000070bb00000, 0x000000070bb00000, 0x000000070bc00000|  0%| F|  |TAMS 0x000000070bb00000, 0x000000070bb00000| Untracked 
|  26|0x000000070bc00000, 0x000000070bc00000, 0x000000070bd00000|  0%| F|  |TAMS 0x000000070bc00000, 0x000000070bc00000| Untracked 
|  27|0x000000070bd00000, 0x000000070bd00000, 0x000000070be00000|  0%| F|  |TAMS 0x000000070bd00000, 0x000000070bd00000| Untracked 
|  28|0x000000070be00000, 0x000000070be00000, 0x000000070bf00000|  0%| F|  |TAMS 0x000000070be00000, 0x000000070be00000| Untracked 
|  29|0x000000070bf00000, 0x000000070bf00000, 0x000000070c000000|  0%| F|  |TAMS 0x000000070bf00000, 0x000000070bf00000| Untracked 
|  30|0x000000070c000000, 0x000000070c000000, 0x000000070c100000|  0%| F|  |TAMS 0x000000070c000000, 0x000000070c000000| Untracked 
|  31|0x000000070c100000, 0x000000070c100000, 0x000000070c200000|  0%| F|  |TAMS 0x000000070c100000, 0x000000070c100000| Untracked 
|  32|0x000000070c200000, 0x000000070c200000, 0x000000070c300000|  0%| F|  |TAMS 0x000000070c200000, 0x000000070c200000| Untracked 
|  33|0x000000070c300000, 0x000000070c300000, 0x000000070c400000|  0%| F|  |TAMS 0x000000070c300000, 0x000000070c300000| Untracked 
|  34|0x000000070c400000, 0x000000070c400000, 0x000000070c500000|  0%| F|  |TAMS 0x000000070c400000, 0x000000070c400000| Untracked 
|  35|0x000000070c500000, 0x000000070c500000, 0x000000070c600000|  0%| F|  |TAMS 0x000000070c500000, 0x000000070c500000| Untracked 
|  36|0x000000070c600000, 0x000000070c600000, 0x000000070c700000|  0%| F|  |TAMS 0x000000070c600000, 0x000000070c600000| Untracked 
|  37|0x000000070c700000, 0x000000070c700000, 0x000000070c800000|  0%| F|  |TAMS 0x000000070c700000, 0x000000070c700000| Untracked 
|  38|0x000000070c800000, 0x000000070c800000, 0x000000070c900000|  0%| F|  |TAMS 0x000000070c800000, 0x000000070c800000| Untracked 
|  39|0x000000070c900000, 0x000000070c900000, 0x000000070ca00000|  0%| F|  |TAMS 0x000000070c900000, 0x000000070c900000| Untracked 
|  40|0x000000070ca00000, 0x000000070ca00000, 0x000000070cb00000|  0%| F|  |TAMS 0x000000070ca00000, 0x000000070ca00000| Untracked 
|  41|0x000000070cb00000, 0x000000070cb00000, 0x000000070cc00000|  0%| F|  |TAMS 0x000000070cb00000, 0x000000070cb00000| Untracked 
|  42|0x000000070cc00000, 0x000000070cc00000, 0x000000070cd00000|  0%| F|  |TAMS 0x000000070cc00000, 0x000000070cc00000| Untracked 
|  43|0x000000070cd00000, 0x000000070cd00000, 0x000000070ce00000|  0%| F|  |TAMS 0x000000070cd00000, 0x000000070cd00000| Untracked 
|  44|0x000000070ce00000, 0x000000070ce00000, 0x000000070cf00000|  0%| F|  |TAMS 0x000000070ce00000, 0x000000070ce00000| Untracked 
|  45|0x000000070cf00000, 0x000000070cf00000, 0x000000070d000000|  0%| F|  |TAMS 0x000000070cf00000, 0x000000070cf00000| Untracked 
|  46|0x000000070d000000, 0x000000070d000000, 0x000000070d100000|  0%| F|  |TAMS 0x000000070d000000, 0x000000070d000000| Untracked 
|  47|0x000000070d100000, 0x000000070d100000, 0x000000070d200000|  0%| F|  |TAMS 0x000000070d100000, 0x000000070d100000| Untracked 
|  48|0x000000070d200000, 0x000000070d200000, 0x000000070d300000|  0%| F|  |TAMS 0x000000070d200000, 0x000000070d200000| Untracked 
|  49|0x000000070d300000, 0x000000070d300000, 0x000000070d400000|  0%| F|  |TAMS 0x000000070d300000, 0x000000070d300000| Untracked 
|  50|0x000000070d400000, 0x000000070d400000, 0x000000070d500000|  0%| F|  |TAMS 0x000000070d400000, 0x000000070d400000| Untracked 
|  51|0x000000070d500000, 0x000000070d500000, 0x000000070d600000|  0%| F|  |TAMS 0x000000070d500000, 0x000000070d500000| Untracked 
|  52|0x000000070d600000, 0x000000070d600000, 0x000000070d700000|  0%| F|  |TAMS 0x000000070d600000, 0x000000070d600000| Untracked 
|  53|0x000000070d700000, 0x000000070d700000, 0x000000070d800000|  0%| F|  |TAMS 0x000000070d700000, 0x000000070d700000| Untracked 
|  54|0x000000070d800000, 0x000000070d800000, 0x000000070d900000|  0%| F|  |TAMS 0x000000070d800000, 0x000000070d800000| Untracked 
|  55|0x000000070d900000, 0x000000070d900000, 0x000000070da00000|  0%| F|  |TAMS 0x000000070d900000, 0x000000070d900000| Untracked 
|  56|0x000000070da00000, 0x000000070da00000, 0x000000070db00000|  0%| F|  |TAMS 0x000000070da00000, 0x000000070da00000| Untracked 
|  57|0x000000070db00000, 0x000000070db00000, 0x000000070dc00000|  0%| F|  |TAMS 0x000000070db00000, 0x000000070db00000| Untracked 
|  58|0x000000070dc00000, 0x000000070dc00000, 0x000000070dd00000|  0%| F|  |TAMS 0x000000070dc00000, 0x000000070dc00000| Untracked 
|  59|0x000000070dd00000, 0x000000070dd00000, 0x000000070de00000|  0%| F|  |TAMS 0x000000070dd00000, 0x000000070dd00000| Untracked 
|  60|0x000000070de00000, 0x000000070de00000, 0x000000070df00000|  0%| F|  |TAMS 0x000000070de00000, 0x000000070de00000| Untracked 
|  61|0x000000070df00000, 0x000000070df00000, 0x000000070e000000|  0%| F|  |TAMS 0x000000070df00000, 0x000000070df00000| Untracked 
|  62|0x000000070e000000, 0x000000070e000000, 0x000000070e100000|  0%| F|  |TAMS 0x000000070e000000, 0x000000070e000000| Untracked 
|  63|0x000000070e100000, 0x000000070e100000, 0x000000070e200000|  0%| F|  |TAMS 0x000000070e100000, 0x000000070e100000| Untracked 
|  64|0x000000070e200000, 0x000000070e200000, 0x000000070e300000|  0%| F|  |TAMS 0x000000070e200000, 0x000000070e200000| Untracked 
|  65|0x000000070e300000, 0x000000070e300000, 0x000000070e400000|  0%| F|  |TAMS 0x000000070e300000, 0x000000070e300000| Untracked 
|  66|0x000000070e400000, 0x000000070e400000, 0x000000070e500000|  0%| F|  |TAMS 0x000000070e400000, 0x000000070e400000| Untracked 
|  67|0x000000070e500000, 0x000000070e500000, 0x000000070e600000|  0%| F|  |TAMS 0x000000070e500000, 0x000000070e500000| Untracked 
|  68|0x000000070e600000, 0x000000070e600000, 0x000000070e700000|  0%| F|  |TAMS 0x000000070e600000, 0x000000070e600000| Untracked 
|  69|0x000000070e700000, 0x000000070e700000, 0x000000070e800000|  0%| F|  |TAMS 0x000000070e700000, 0x000000070e700000| Untracked 
|  70|0x000000070e800000, 0x000000070e800000, 0x000000070e900000|  0%| F|  |TAMS 0x000000070e800000, 0x000000070e800000| Untracked 
|  71|0x000000070e900000, 0x000000070e900000, 0x000000070ea00000|  0%| F|  |TAMS 0x000000070e900000, 0x000000070e900000| Untracked 
|  72|0x000000070ea00000, 0x000000070ea00000, 0x000000070eb00000|  0%| F|  |TAMS 0x000000070ea00000, 0x000000070ea00000| Untracked 
|  73|0x000000070eb00000, 0x000000070eb00000, 0x000000070ec00000|  0%| F|  |TAMS 0x000000070eb00000, 0x000000070eb00000| Untracked 
|  74|0x000000070ec00000, 0x000000070ec00000, 0x000000070ed00000|  0%| F|  |TAMS 0x000000070ec00000, 0x000000070ec00000| Untracked 
|  75|0x000000070ed00000, 0x000000070ed00000, 0x000000070ee00000|  0%| F|  |TAMS 0x000000070ed00000, 0x000000070ed00000| Untracked 
|  76|0x000000070ee00000, 0x000000070ee00000, 0x000000070ef00000|  0%| F|  |TAMS 0x000000070ee00000, 0x000000070ee00000| Untracked 
|  77|0x000000070ef00000, 0x000000070ef00000, 0x000000070f000000|  0%| F|  |TAMS 0x000000070ef00000, 0x000000070ef00000| Untracked 
|  78|0x000000070f000000, 0x000000070f000000, 0x000000070f100000|  0%| F|  |TAMS 0x000000070f000000, 0x000000070f000000| Untracked 
|  79|0x000000070f100000, 0x000000070f100000, 0x000000070f200000|  0%| F|  |TAMS 0x000000070f100000, 0x000000070f100000| Untracked 
|  80|0x000000070f200000, 0x000000070f200000, 0x000000070f300000|  0%| F|  |TAMS 0x000000070f200000, 0x000000070f200000| Untracked 
|  81|0x000000070f300000, 0x000000070f300000, 0x000000070f400000|  0%| F|  |TAMS 0x000000070f300000, 0x000000070f300000| Untracked 
|  82|0x000000070f400000, 0x000000070f400000, 0x000000070f500000|  0%| F|  |TAMS 0x000000070f400000, 0x000000070f400000| Untracked 
|  83|0x000000070f500000, 0x000000070f500000, 0x000000070f600000|  0%| F|  |TAMS 0x000000070f500000, 0x000000070f500000| Untracked 
|  84|0x000000070f600000, 0x000000070f600000, 0x000000070f700000|  0%| F|  |TAMS 0x000000070f600000, 0x000000070f600000| Untracked 
|  85|0x000000070f700000, 0x000000070f700000, 0x000000070f800000|  0%| F|  |TAMS 0x000000070f700000, 0x000000070f700000| Untracked 
|  86|0x000000070f800000, 0x000000070f800000, 0x000000070f900000|  0%| F|  |TAMS 0x000000070f800000, 0x000000070f800000| Untracked 
|  87|0x000000070f900000, 0x000000070f900000, 0x000000070fa00000|  0%| F|  |TAMS 0x000000070f900000, 0x000000070f900000| Untracked 
|  88|0x000000070fa00000, 0x000000070fa00000, 0x000000070fb00000|  0%| F|  |TAMS 0x000000070fa00000, 0x000000070fa00000| Untracked 
|  89|0x000000070fb00000, 0x000000070fb00000, 0x000000070fc00000|  0%| F|  |TAMS 0x000000070fb00000, 0x000000070fb00000| Untracked 
|  90|0x000000070fc00000, 0x000000070fc00000, 0x000000070fd00000|  0%| F|  |TAMS 0x000000070fc00000, 0x000000070fc00000| Untracked 
|  91|0x000000070fd00000, 0x000000070fd00000, 0x000000070fe00000|  0%| F|  |TAMS 0x000000070fd00000, 0x000000070fd00000| Untracked 
|  92|0x000000070fe00000, 0x000000070fe00000, 0x000000070ff00000|  0%| F|  |TAMS 0x000000070fe00000, 0x000000070fe00000| Untracked 
|  93|0x000000070ff00000, 0x000000070ff00000, 0x0000000710000000|  0%| F|  |TAMS 0x000000070ff00000, 0x000000070ff00000| Untracked 
|  94|0x0000000710000000, 0x0000000710000000, 0x0000000710100000|  0%| F|  |TAMS 0x0000000710000000, 0x0000000710000000| Untracked 
|  95|0x0000000710100000, 0x0000000710100000, 0x0000000710200000|  0%| F|  |TAMS 0x0000000710100000, 0x0000000710100000| Untracked 
|  96|0x0000000710200000, 0x0000000710200000, 0x0000000710300000|  0%| F|  |TAMS 0x0000000710200000, 0x0000000710200000| Untracked 
|  97|0x0000000710300000, 0x0000000710300000, 0x0000000710400000|  0%| F|  |TAMS 0x0000000710300000, 0x0000000710300000| Untracked 
|  98|0x0000000710400000, 0x0000000710400000, 0x0000000710500000|  0%| F|  |TAMS 0x0000000710400000, 0x0000000710400000| Untracked 
|  99|0x0000000710500000, 0x0000000710500000, 0x0000000710600000|  0%| F|  |TAMS 0x0000000710500000, 0x0000000710500000| Untracked 
| 100|0x0000000710600000, 0x0000000710600000, 0x0000000710700000|  0%| F|  |TAMS 0x0000000710600000, 0x0000000710600000| Untracked 
| 101|0x0000000710700000, 0x0000000710700000, 0x0000000710800000|  0%| F|  |TAMS 0x0000000710700000, 0x0000000710700000| Untracked 
| 102|0x0000000710800000, 0x0000000710800000, 0x0000000710900000|  0%| F|  |TAMS 0x0000000710800000, 0x0000000710800000| Untracked 
| 103|0x0000000710900000, 0x0000000710900000, 0x0000000710a00000|  0%| F|  |TAMS 0x0000000710900000, 0x0000000710900000| Untracked 
| 104|0x0000000710a00000, 0x0000000710a00000, 0x0000000710b00000|  0%| F|  |TAMS 0x0000000710a00000, 0x0000000710a00000| Untracked 
| 105|0x0000000710b00000, 0x0000000710b00000, 0x0000000710c00000|  0%| F|  |TAMS 0x0000000710b00000, 0x0000000710b00000| Untracked 
| 106|0x0000000710c00000, 0x0000000710c00000, 0x0000000710d00000|  0%| F|  |TAMS 0x0000000710c00000, 0x0000000710c00000| Untracked 
| 107|0x0000000710d00000, 0x0000000710d00000, 0x0000000710e00000|  0%| F|  |TAMS 0x0000000710d00000, 0x0000000710d00000| Untracked 
| 108|0x0000000710e00000, 0x0000000710e00000, 0x0000000710f00000|  0%| F|  |TAMS 0x0000000710e00000, 0x0000000710e00000| Untracked 
| 109|0x0000000710f00000, 0x0000000710f00000, 0x0000000711000000|  0%| F|  |TAMS 0x0000000710f00000, 0x0000000710f00000| Untracked 
| 110|0x0000000711000000, 0x0000000711000000, 0x0000000711100000|  0%| F|  |TAMS 0x0000000711000000, 0x0000000711000000| Untracked 
| 111|0x0000000711100000, 0x0000000711100000, 0x0000000711200000|  0%| F|  |TAMS 0x0000000711100000, 0x0000000711100000| Untracked 
| 112|0x0000000711200000, 0x0000000711200000, 0x0000000711300000|  0%| F|  |TAMS 0x0000000711200000, 0x0000000711200000| Untracked 
| 113|0x0000000711300000, 0x0000000711300000, 0x0000000711400000|  0%| F|  |TAMS 0x0000000711300000, 0x0000000711300000| Untracked 
| 114|0x0000000711400000, 0x0000000711400000, 0x0000000711500000|  0%| F|  |TAMS 0x0000000711400000, 0x0000000711400000| Untracked 
| 115|0x0000000711500000, 0x0000000711500000, 0x0000000711600000|  0%| F|  |TAMS 0x0000000711500000, 0x0000000711500000| Untracked 
| 116|0x0000000711600000, 0x0000000711600000, 0x0000000711700000|  0%| F|  |TAMS 0x0000000711600000, 0x0000000711600000| Untracked 
| 117|0x0000000711700000, 0x0000000711700000, 0x0000000711800000|  0%| F|  |TAMS 0x0000000711700000, 0x0000000711700000| Untracked 
| 118|0x0000000711800000, 0x0000000711800000, 0x0000000711900000|  0%| F|  |TAMS 0x0000000711800000, 0x0000000711800000| Untracked 
| 119|0x0000000711900000, 0x0000000711900000, 0x0000000711a00000|  0%| F|  |TAMS 0x0000000711900000, 0x0000000711900000| Untracked 
| 120|0x0000000711a00000, 0x0000000711a00000, 0x0000000711b00000|  0%| F|  |TAMS 0x0000000711a00000, 0x0000000711a00000| Untracked 
| 121|0x0000000711b00000, 0x0000000711b00000, 0x0000000711c00000|  0%| F|  |TAMS 0x0000000711b00000, 0x0000000711b00000| Untracked 
| 122|0x0000000711c00000, 0x0000000711c00000, 0x0000000711d00000|  0%| F|  |TAMS 0x0000000711c00000, 0x0000000711c00000| Untracked 
| 123|0x0000000711d00000, 0x0000000711d00000, 0x0000000711e00000|  0%| F|  |TAMS 0x0000000711d00000, 0x0000000711d00000| Untracked 
| 124|0x0000000711e00000, 0x0000000711e00000, 0x0000000711f00000|  0%| F|  |TAMS 0x0000000711e00000, 0x0000000711e00000| Untracked 
| 125|0x0000000711f00000, 0x0000000711f00000, 0x0000000712000000|  0%| F|  |TAMS 0x0000000711f00000, 0x0000000711f00000| Untracked 
| 126|0x0000000712000000, 0x0000000712000000, 0x0000000712100000|  0%| F|  |TAMS 0x0000000712000000, 0x0000000712000000| Untracked 
| 127|0x0000000712100000, 0x0000000712100000, 0x0000000712200000|  0%| F|  |TAMS 0x0000000712100000, 0x0000000712100000| Untracked 
| 128|0x0000000712200000, 0x0000000712200000, 0x0000000712300000|  0%| F|  |TAMS 0x0000000712200000, 0x0000000712200000| Untracked 
| 129|0x0000000712300000, 0x0000000712300000, 0x0000000712400000|  0%| F|  |TAMS 0x0000000712300000, 0x0000000712300000| Untracked 
| 130|0x0000000712400000, 0x0000000712400000, 0x0000000712500000|  0%| F|  |TAMS 0x0000000712400000, 0x0000000712400000| Untracked 
| 131|0x0000000712500000, 0x0000000712500000, 0x0000000712600000|  0%| F|  |TAMS 0x0000000712500000, 0x0000000712500000| Untracked 
| 132|0x0000000712600000, 0x0000000712600000, 0x0000000712700000|  0%| F|  |TAMS 0x0000000712600000, 0x0000000712600000| Untracked 
| 133|0x0000000712700000, 0x0000000712700000, 0x0000000712800000|  0%| F|  |TAMS 0x0000000712700000, 0x0000000712700000| Untracked 
| 134|0x0000000712800000, 0x0000000712800000, 0x0000000712900000|  0%| F|  |TAMS 0x0000000712800000, 0x0000000712800000| Untracked 
| 135|0x0000000712900000, 0x0000000712900000, 0x0000000712a00000|  0%| F|  |TAMS 0x0000000712900000, 0x0000000712900000| Untracked 
| 136|0x0000000712a00000, 0x0000000712a00000, 0x0000000712b00000|  0%| F|  |TAMS 0x0000000712a00000, 0x0000000712a00000| Untracked 
| 137|0x0000000712b00000, 0x0000000712b00000, 0x0000000712c00000|  0%| F|  |TAMS 0x0000000712b00000, 0x0000000712b00000| Untracked 
| 138|0x0000000712c00000, 0x0000000712c00000, 0x0000000712d00000|  0%| F|  |TAMS 0x0000000712c00000, 0x0000000712c00000| Untracked 
| 139|0x0000000712d00000, 0x0000000712d00000, 0x0000000712e00000|  0%| F|  |TAMS 0x0000000712d00000, 0x0000000712d00000| Untracked 
| 140|0x0000000712e00000, 0x0000000712e00000, 0x0000000712f00000|  0%| F|  |TAMS 0x0000000712e00000, 0x0000000712e00000| Untracked 
| 141|0x0000000712f00000, 0x0000000712f00000, 0x0000000713000000|  0%| F|  |TAMS 0x0000000712f00000, 0x0000000712f00000| Untracked 
| 142|0x0000000713000000, 0x0000000713000000, 0x0000000713100000|  0%| F|  |TAMS 0x0000000713000000, 0x0000000713000000| Untracked 
| 143|0x0000000713100000, 0x0000000713100000, 0x0000000713200000|  0%| F|  |TAMS 0x0000000713100000, 0x0000000713100000| Untracked 
| 144|0x0000000713200000, 0x0000000713200000, 0x0000000713300000|  0%| F|  |TAMS 0x0000000713200000, 0x0000000713200000| Untracked 
| 145|0x0000000713300000, 0x0000000713300000, 0x0000000713400000|  0%| F|  |TAMS 0x0000000713300000, 0x0000000713300000| Untracked 
| 146|0x0000000713400000, 0x0000000713400000, 0x0000000713500000|  0%| F|  |TAMS 0x0000000713400000, 0x0000000713400000| Untracked 
| 147|0x0000000713500000, 0x0000000713500000, 0x0000000713600000|  0%| F|  |TAMS 0x0000000713500000, 0x0000000713500000| Untracked 
| 148|0x0000000713600000, 0x0000000713600000, 0x0000000713700000|  0%| F|  |TAMS 0x0000000713600000, 0x0000000713600000| Untracked 
| 149|0x0000000713700000, 0x0000000713700000, 0x0000000713800000|  0%| F|  |TAMS 0x0000000713700000, 0x0000000713700000| Untracked 
| 150|0x0000000713800000, 0x0000000713800000, 0x0000000713900000|  0%| F|  |TAMS 0x0000000713800000, 0x0000000713800000| Untracked 
| 151|0x0000000713900000, 0x0000000713900000, 0x0000000713a00000|  0%| F|  |TAMS 0x0000000713900000, 0x0000000713900000| Untracked 
| 152|0x0000000713a00000, 0x0000000713a00000, 0x0000000713b00000|  0%| F|  |TAMS 0x0000000713a00000, 0x0000000713a00000| Untracked 
| 153|0x0000000713b00000, 0x0000000713b00000, 0x0000000713c00000|  0%| F|  |TAMS 0x0000000713b00000, 0x0000000713b00000| Untracked 
| 154|0x0000000713c00000, 0x0000000713c00000, 0x0000000713d00000|  0%| F|  |TAMS 0x0000000713c00000, 0x0000000713c00000| Untracked 
| 155|0x0000000713d00000, 0x0000000713d00000, 0x0000000713e00000|  0%| F|  |TAMS 0x0000000713d00000, 0x0000000713d00000| Untracked 
| 156|0x0000000713e00000, 0x0000000713e00000, 0x0000000713f00000|  0%| F|  |TAMS 0x0000000713e00000, 0x0000000713e00000| Untracked 
| 157|0x0000000713f00000, 0x0000000713f00000, 0x0000000714000000|  0%| F|  |TAMS 0x0000000713f00000, 0x0000000713f00000| Untracked 
| 158|0x0000000714000000, 0x0000000714000000, 0x0000000714100000|  0%| F|  |TAMS 0x0000000714000000, 0x0000000714000000| Untracked 
| 159|0x0000000714100000, 0x0000000714100000, 0x0000000714200000|  0%| F|  |TAMS 0x0000000714100000, 0x0000000714100000| Untracked 
| 160|0x0000000714200000, 0x0000000714200000, 0x0000000714300000|  0%| F|  |TAMS 0x0000000714200000, 0x0000000714200000| Untracked 
| 161|0x0000000714300000, 0x0000000714300000, 0x0000000714400000|  0%| F|  |TAMS 0x0000000714300000, 0x0000000714300000| Untracked 
| 162|0x0000000714400000, 0x0000000714400000, 0x0000000714500000|  0%| F|  |TAMS 0x0000000714400000, 0x0000000714400000| Untracked 
| 163|0x0000000714500000, 0x0000000714500000, 0x0000000714600000|  0%| F|  |TAMS 0x0000000714500000, 0x0000000714500000| Untracked 
| 164|0x0000000714600000, 0x0000000714600000, 0x0000000714700000|  0%| F|  |TAMS 0x0000000714600000, 0x0000000714600000| Untracked 
| 165|0x0000000714700000, 0x0000000714700000, 0x0000000714800000|  0%| F|  |TAMS 0x0000000714700000, 0x0000000714700000| Untracked 
| 166|0x0000000714800000, 0x0000000714800000, 0x0000000714900000|  0%| F|  |TAMS 0x0000000714800000, 0x0000000714800000| Untracked 
| 167|0x0000000714900000, 0x0000000714900000, 0x0000000714a00000|  0%| F|  |TAMS 0x0000000714900000, 0x0000000714900000| Untracked 
| 168|0x0000000714a00000, 0x0000000714a00000, 0x0000000714b00000|  0%| F|  |TAMS 0x0000000714a00000, 0x0000000714a00000| Untracked 
| 169|0x0000000714b00000, 0x0000000714b00000, 0x0000000714c00000|  0%| F|  |TAMS 0x0000000714b00000, 0x0000000714b00000| Untracked 
| 170|0x0000000714c00000, 0x0000000714c00000, 0x0000000714d00000|  0%| F|  |TAMS 0x0000000714c00000, 0x0000000714c00000| Untracked 
| 171|0x0000000714d00000, 0x0000000714d00000, 0x0000000714e00000|  0%| F|  |TAMS 0x0000000714d00000, 0x0000000714d00000| Untracked 
| 172|0x0000000714e00000, 0x0000000714e00000, 0x0000000714f00000|  0%| F|  |TAMS 0x0000000714e00000, 0x0000000714e00000| Untracked 
| 173|0x0000000714f00000, 0x0000000714f00000, 0x0000000715000000|  0%| F|  |TAMS 0x0000000714f00000, 0x0000000714f00000| Untracked 
| 174|0x0000000715000000, 0x0000000715000000, 0x0000000715100000|  0%| F|  |TAMS 0x0000000715000000, 0x0000000715000000| Untracked 
| 175|0x0000000715100000, 0x0000000715100000, 0x0000000715200000|  0%| F|  |TAMS 0x0000000715100000, 0x0000000715100000| Untracked 
| 176|0x0000000715200000, 0x0000000715200000, 0x0000000715300000|  0%| F|  |TAMS 0x0000000715200000, 0x0000000715200000| Untracked 
| 177|0x0000000715300000, 0x0000000715300000, 0x0000000715400000|  0%| F|  |TAMS 0x0000000715300000, 0x0000000715300000| Untracked 
| 178|0x0000000715400000, 0x0000000715400000, 0x0000000715500000|  0%| F|  |TAMS 0x0000000715400000, 0x0000000715400000| Untracked 
| 179|0x0000000715500000, 0x0000000715500000, 0x0000000715600000|  0%| F|  |TAMS 0x0000000715500000, 0x0000000715500000| Untracked 
| 180|0x0000000715600000, 0x0000000715600000, 0x0000000715700000|  0%| F|  |TAMS 0x0000000715600000, 0x0000000715600000| Untracked 
| 181|0x0000000715700000, 0x0000000715700000, 0x0000000715800000|  0%| F|  |TAMS 0x0000000715700000, 0x0000000715700000| Untracked 
| 182|0x0000000715800000, 0x0000000715800000, 0x0000000715900000|  0%| F|  |TAMS 0x0000000715800000, 0x0000000715800000| Untracked 
| 183|0x0000000715900000, 0x0000000715900000, 0x0000000715a00000|  0%| F|  |TAMS 0x0000000715900000, 0x0000000715900000| Untracked 
| 184|0x0000000715a00000, 0x0000000715a00000, 0x0000000715b00000|  0%| F|  |TAMS 0x0000000715a00000, 0x0000000715a00000| Untracked 
| 185|0x0000000715b00000, 0x0000000715b00000, 0x0000000715c00000|  0%| F|  |TAMS 0x0000000715b00000, 0x0000000715b00000| Untracked 
| 186|0x0000000715c00000, 0x0000000715c00000, 0x0000000715d00000|  0%| F|  |TAMS 0x0000000715c00000, 0x0000000715c00000| Untracked 
| 187|0x0000000715d00000, 0x0000000715d00000, 0x0000000715e00000|  0%| F|  |TAMS 0x0000000715d00000, 0x0000000715d00000| Untracked 
| 188|0x0000000715e00000, 0x0000000715e00000, 0x0000000715f00000|  0%| F|  |TAMS 0x0000000715e00000, 0x0000000715e00000| Untracked 
| 189|0x0000000715f00000, 0x0000000715f00000, 0x0000000716000000|  0%| F|  |TAMS 0x0000000715f00000, 0x0000000715f00000| Untracked 
| 190|0x0000000716000000, 0x0000000716000000, 0x0000000716100000|  0%| F|  |TAMS 0x0000000716000000, 0x0000000716000000| Untracked 
| 191|0x0000000716100000, 0x0000000716100000, 0x0000000716200000|  0%| F|  |TAMS 0x0000000716100000, 0x0000000716100000| Untracked 
| 192|0x0000000716200000, 0x0000000716200000, 0x0000000716300000|  0%| F|  |TAMS 0x0000000716200000, 0x0000000716200000| Untracked 
| 193|0x0000000716300000, 0x0000000716300000, 0x0000000716400000|  0%| F|  |TAMS 0x0000000716300000, 0x0000000716300000| Untracked 
| 194|0x0000000716400000, 0x0000000716400000, 0x0000000716500000|  0%| F|  |TAMS 0x0000000716400000, 0x0000000716400000| Untracked 
| 195|0x0000000716500000, 0x0000000716500000, 0x0000000716600000|  0%| F|  |TAMS 0x0000000716500000, 0x0000000716500000| Untracked 
| 196|0x0000000716600000, 0x0000000716600000, 0x0000000716700000|  0%| F|  |TAMS 0x0000000716600000, 0x0000000716600000| Untracked 
| 197|0x0000000716700000, 0x0000000716700000, 0x0000000716800000|  0%| F|  |TAMS 0x0000000716700000, 0x0000000716700000| Untracked 
| 198|0x0000000716800000, 0x0000000716800000, 0x0000000716900000|  0%| F|  |TAMS 0x0000000716800000, 0x0000000716800000| Untracked 
| 199|0x0000000716900000, 0x0000000716900000, 0x0000000716a00000|  0%| F|  |TAMS 0x0000000716900000, 0x0000000716900000| Untracked 
| 200|0x0000000716a00000, 0x0000000716a00000, 0x0000000716b00000|  0%| F|  |TAMS 0x0000000716a00000, 0x0000000716a00000| Untracked 
| 201|0x0000000716b00000, 0x0000000716b00000, 0x0000000716c00000|  0%| F|  |TAMS 0x0000000716b00000, 0x0000000716b00000| Untracked 
| 202|0x0000000716c00000, 0x0000000716c00000, 0x0000000716d00000|  0%| F|  |TAMS 0x0000000716c00000, 0x0000000716c00000| Untracked 
| 203|0x0000000716d00000, 0x0000000716d00000, 0x0000000716e00000|  0%| F|  |TAMS 0x0000000716d00000, 0x0000000716d00000| Untracked 
| 204|0x0000000716e00000, 0x0000000716e00000, 0x0000000716f00000|  0%| F|  |TAMS 0x0000000716e00000, 0x0000000716e00000| Untracked 
| 205|0x0000000716f00000, 0x0000000716f00000, 0x0000000717000000|  0%| F|  |TAMS 0x0000000716f00000, 0x0000000716f00000| Untracked 
| 206|0x0000000717000000, 0x0000000717000000, 0x0000000717100000|  0%| F|  |TAMS 0x0000000717000000, 0x0000000717000000| Untracked 
| 207|0x0000000717100000, 0x0000000717100000, 0x0000000717200000|  0%| F|  |TAMS 0x0000000717100000, 0x0000000717100000| Untracked 
| 208|0x0000000717200000, 0x0000000717200000, 0x0000000717300000|  0%| F|  |TAMS 0x0000000717200000, 0x0000000717200000| Untracked 
| 209|0x0000000717300000, 0x0000000717300000, 0x0000000717400000|  0%| F|  |TAMS 0x0000000717300000, 0x0000000717300000| Untracked 
| 210|0x0000000717400000, 0x0000000717400000, 0x0000000717500000|  0%| F|  |TAMS 0x0000000717400000, 0x0000000717400000| Untracked 
| 211|0x0000000717500000, 0x0000000717500000, 0x0000000717600000|  0%| F|  |TAMS 0x0000000717500000, 0x0000000717500000| Untracked 
| 212|0x0000000717600000, 0x0000000717600000, 0x0000000717700000|  0%| F|  |TAMS 0x0000000717600000, 0x0000000717600000| Untracked 
| 213|0x0000000717700000, 0x0000000717700000, 0x0000000717800000|  0%| F|  |TAMS 0x0000000717700000, 0x0000000717700000| Untracked 
| 214|0x0000000717800000, 0x0000000717800000, 0x0000000717900000|  0%| F|  |TAMS 0x0000000717800000, 0x0000000717800000| Untracked 
| 215|0x0000000717900000, 0x0000000717900000, 0x0000000717a00000|  0%| F|  |TAMS 0x0000000717900000, 0x0000000717900000| Untracked 
| 216|0x0000000717a00000, 0x0000000717a00000, 0x0000000717b00000|  0%| F|  |TAMS 0x0000000717a00000, 0x0000000717a00000| Untracked 
| 217|0x0000000717b00000, 0x0000000717b00000, 0x0000000717c00000|  0%| F|  |TAMS 0x0000000717b00000, 0x0000000717b00000| Untracked 
| 218|0x0000000717c00000, 0x0000000717c00000, 0x0000000717d00000|  0%| F|  |TAMS 0x0000000717c00000, 0x0000000717c00000| Untracked 
| 219|0x0000000717d00000, 0x0000000717d00000, 0x0000000717e00000|  0%| F|  |TAMS 0x0000000717d00000, 0x0000000717d00000| Untracked 
| 220|0x0000000717e00000, 0x0000000717e00000, 0x0000000717f00000|  0%| F|  |TAMS 0x0000000717e00000, 0x0000000717e00000| Untracked 
| 221|0x0000000717f00000, 0x0000000717f00000, 0x0000000718000000|  0%| F|  |TAMS 0x0000000717f00000, 0x0000000717f00000| Untracked 
| 222|0x0000000718000000, 0x0000000718000000, 0x0000000718100000|  0%| F|  |TAMS 0x0000000718000000, 0x0000000718000000| Untracked 
| 223|0x0000000718100000, 0x0000000718100000, 0x0000000718200000|  0%| F|  |TAMS 0x0000000718100000, 0x0000000718100000| Untracked 
| 224|0x0000000718200000, 0x0000000718200000, 0x0000000718300000|  0%| F|  |TAMS 0x0000000718200000, 0x0000000718200000| Untracked 
| 225|0x0000000718300000, 0x0000000718300000, 0x0000000718400000|  0%| F|  |TAMS 0x0000000718300000, 0x0000000718300000| Untracked 
| 226|0x0000000718400000, 0x0000000718400000, 0x0000000718500000|  0%| F|  |TAMS 0x0000000718400000, 0x0000000718400000| Untracked 
| 227|0x0000000718500000, 0x0000000718500000, 0x0000000718600000|  0%| F|  |TAMS 0x0000000718500000, 0x0000000718500000| Untracked 
| 228|0x0000000718600000, 0x0000000718600000, 0x0000000718700000|  0%| F|  |TAMS 0x0000000718600000, 0x0000000718600000| Untracked 
| 229|0x0000000718700000, 0x0000000718700000, 0x0000000718800000|  0%| F|  |TAMS 0x0000000718700000, 0x0000000718700000| Untracked 
| 230|0x0000000718800000, 0x0000000718800000, 0x0000000718900000|  0%| F|  |TAMS 0x0000000718800000, 0x0000000718800000| Untracked 
| 231|0x0000000718900000, 0x0000000718900000, 0x0000000718a00000|  0%| F|  |TAMS 0x0000000718900000, 0x0000000718900000| Untracked 
| 232|0x0000000718a00000, 0x0000000718a00000, 0x0000000718b00000|  0%| F|  |TAMS 0x0000000718a00000, 0x0000000718a00000| Untracked 
| 233|0x0000000718b00000, 0x0000000718b00000, 0x0000000718c00000|  0%| F|  |TAMS 0x0000000718b00000, 0x0000000718b00000| Untracked 
| 234|0x0000000718c00000, 0x0000000718cf6468, 0x0000000718d00000| 96%| E|  |TAMS 0x0000000718c00000, 0x0000000718c00000| Complete 
| 235|0x0000000718d00000, 0x0000000718e00000, 0x0000000718e00000|100%| E|CS|TAMS 0x0000000718d00000, 0x0000000718d00000| Complete 
| 236|0x0000000718e00000, 0x0000000718f00000, 0x0000000718f00000|100%| E|CS|TAMS 0x0000000718e00000, 0x0000000718e00000| Complete 
| 237|0x0000000718f00000, 0x0000000719000000, 0x0000000719000000|100%| E|CS|TAMS 0x0000000718f00000, 0x0000000718f00000| Complete 
| 238|0x0000000719000000, 0x0000000719100000, 0x0000000719100000|100%| E|CS|TAMS 0x0000000719000000, 0x0000000719000000| Complete 
| 239|0x0000000719100000, 0x0000000719200000, 0x0000000719200000|100%| E|CS|TAMS 0x0000000719100000, 0x0000000719100000| Complete 
| 240|0x0000000719200000, 0x0000000719300000, 0x0000000719300000|100%| E|CS|TAMS 0x0000000719200000, 0x0000000719200000| Complete 
| 241|0x0000000719300000, 0x0000000719400000, 0x0000000719400000|100%| E|CS|TAMS 0x0000000719300000, 0x0000000719300000| Complete 
| 242|0x0000000719400000, 0x0000000719500000, 0x0000000719500000|100%| E|CS|TAMS 0x0000000719400000, 0x0000000719400000| Complete 
| 243|0x0000000719500000, 0x0000000719600000, 0x0000000719600000|100%| E|CS|TAMS 0x0000000719500000, 0x0000000719500000| Complete 
| 244|0x0000000719600000, 0x0000000719700000, 0x0000000719700000|100%| E|CS|TAMS 0x0000000719600000, 0x0000000719600000| Complete 
| 245|0x0000000719700000, 0x0000000719800000, 0x0000000719800000|100%| E|CS|TAMS 0x0000000719700000, 0x0000000719700000| Complete 

Card table byte_map: [0x00007f7754008000,0x00007f77547b7000] _byte_map_base: 0x00007f77507b7000

Marking Bits (Prev, Next): (CMBitMap*) 0x00007f775007a3d8, (CMBitMap*) 0x00007f775007a410
 Prev Bits: [0x00007f772c288000, 0x00007f7730000000)
 Next Bits: [0x00007f7728510000, 0x00007f772c288000)

Polling page: 0x00007f7757e46000

Metaspace:

Usage:
  Non-class:      7,17 MB capacity,     7,08 MB ( 99%) used,    86,38 KB (  1%) free+waste,    11,94 KB ( <1%) overhead. 
      Class:    793,00 KB capacity,   715,27 KB ( 90%) used,    72,10 KB (  9%) free+waste,     5,62 KB ( <1%) overhead. 
       Both:      7,95 MB capacity,     7,78 MB ( 98%) used,   158,48 KB (  2%) free+waste,    17,56 KB ( <1%) overhead. 

Virtual space:
  Non-class space:        8,00 MB reserved,       7,25 MB ( 91%) committed 
      Class space:        1,00 GB reserved,     896,00 KB ( <1%) committed 
             Both:        1,01 GB reserved,       8,12 MB ( <1%) committed 

Chunk freelists:
   Non-Class:  14,00 KB
       Class:  7,00 KB
        Both:  21,00 KB

MaxMetaspaceSize: unlimited
CompressedClassSpaceSize: 1,00 GB

CodeHeap 'non-profiled nmethods': size=120032Kb used=244Kb max_used=244Kb free=119788Kb
 bounds [0x00007f773f046000, 0x00007f773f2b6000, 0x00007f774657e000]
CodeHeap 'profiled nmethods': size=120028Kb used=1153Kb max_used=1153Kb free=118875Kb
 bounds [0x00007f7737b0f000, 0x00007f7737d7f000, 0x00007f773f046000]
CodeHeap 'non-nmethods': size=5700Kb used=1051Kb max_used=1081Kb free=4648Kb
 bounds [0x00007f773757e000, 0x00007f77377ee000, 0x00007f7737b0f000]
 total_blobs=1062 nmethods=709 adapters=266
 compilation: enabled
              stopped_count=0, restarted_count=0
 full_count=0

Compilation events (20 events):
Event: 0,466 Thread 0x00007f7750279000  667       4       java.util.stream.ReferencePipeline::collect (124 bytes)
Event: 0,467 Thread 0x00007f775027b000 nmethod 690 0x00007f7737c23590 code [0x00007f7737c23b40, 0x00007f7737c26da0]
Event: 0,467 Thread 0x00007f775027b000  691       3       models.Edge::<init> (38 bytes)
Event: 0,468 Thread 0x00007f775027b000 nmethod 691 0x00007f7737c27e90 code [0x00007f7737c28060, 0x00007f7737c283b0]
Event: 0,473 Thread 0x00007f775027b000  695       3       logic.Composition::checkForOutputs (102 bytes)
Event: 0,473 Thread 0x00007f76f8391000 nmethod 677 0x00007f773f07b710 code [0x00007f773f07b920, 0x00007f773f07bff8]
Event: 0,473 Thread 0x00007f775027b000 nmethod 695 0x00007f7737c28490 code [0x00007f7737c28700, 0x00007f7737c291d0]
Event: 0,473 Thread 0x00007f76f8391000  692       4       java.util.Arrays::hashCode (56 bytes)
Event: 0,473 Thread 0x00007f775027b000  694       3       logic.Composition::getNextTransitions (49 bytes)
Event: 0,474 Thread 0x00007f775027b000 nmethod 694 0x00007f7737c29510 code [0x00007f7737c29720, 0x00007f7737c29d80]
Event: 0,474 Thread 0x00007f775027b000  697       3       models.LocationPair::<init> (15 bytes)
Event: 0,474 Thread 0x00007f775027b000 nmethod 697 0x00007f7737c29f90 code [0x00007f7737c2a140, 0x00007f7737c2a350]
Event: 0,476 Thread 0x00007f76f8391000 nmethod 692 0x00007f773f07c690 code [0x00007f773f07c820, 0x00007f773f07c978]
Event: 0,476 Thread 0x00007f76f8391000  696       4       java.util.ArrayList::iterator (9 bytes)
Event: 0,477 Thread 0x00007f76f8391000 nmethod 696 0x00007f773f07ca90 code [0x00007f773f07cc20, 0x00007f773f07cd18]
Event: 0,477 Thread 0x00007f76f8391000  657       4       java.util.ArrayList::add (25 bytes)
Event: 0,478 Thread 0x00007f775027b000  698       3       java.util.stream.Nodes$ArrayNode::<init> (43 bytes)
Event: 0,478 Thread 0x00007f775027b000 nmethod 698 0x00007f7737c2a410 code [0x00007f7737c2a600, 0x00007f7737c2aab0]
Event: 0,478 Thread 0x00007f775027b000  699       3       java.util.stream.Nodes$FixedNodeBuilder::begin (52 bytes)
Event: 0,479 Thread 0x00007f775027b000 nmethod 699 0x00007f7737c2ac10 code [0x00007f7737c2ae80, 0x00007f7737c2b860]

GC Heap History (0 events):
No events

Deoptimization events (12 events):
Event: 0,089 Thread 0x00007f7750016000 Uncommon trap: trap_request=0xffffff4d fr.pc=0x00007f773f049da0 relative=0x0000000000000200
Event: 0,089 Thread 0x00007f7750016000 Uncommon trap: reason=unstable_if action=reinterpret pc=0x00007f773f049da0 method=java.lang.String.hashCode()I @ 14 c2
Event: 0,089 Thread 0x00007f7750016000 DEOPT PACKING pc=0x00007f773f049da0 sp=0x00007f77563cc140
Event: 0,089 Thread 0x00007f7750016000 DEOPT UNPACKING pc=0x00007f77375a47a5 sp=0x00007f77563cc0f8 mode 2
Event: 0,146 Thread 0x00007f7750016000 Uncommon trap: trap_request=0xffffff4d fr.pc=0x00007f773f0508b4 relative=0x0000000000000074
Event: 0,146 Thread 0x00007f7750016000 Uncommon trap: reason=unstable_if action=reinterpret pc=0x00007f773f0508b4 method=java.lang.String.isLatin1()Z @ 10 c2
Event: 0,146 Thread 0x00007f7750016000 DEOPT PACKING pc=0x00007f773f0508b4 sp=0x00007f77563cd3c0
Event: 0,146 Thread 0x00007f7750016000 DEOPT UNPACKING pc=0x00007f77375a47a5 sp=0x00007f77563cd320 mode 2
Event: 0,147 Thread 0x00007f7750016000 Uncommon trap: trap_request=0xffffff4d fr.pc=0x00007f773f04bbf8 relative=0x0000000000000058
Event: 0,147 Thread 0x00007f7750016000 Uncommon trap: reason=unstable_if action=reinterpret pc=0x00007f773f04bbf8 method=java.lang.String.isLatin1()Z @ 10 c2
Event: 0,147 Thread 0x00007f7750016000 DEOPT PACKING pc=0x00007f773f04bbf8 sp=0x00007f77563cd5d0
Event: 0,147 Thread 0x00007f7750016000 DEOPT UNPACKING pc=0x00007f77375a47a5 sp=0x00007f77563cd580 mode 2

Classes redefined (0 events):
No events

Internal exceptions (2 events):
Event: 0,118 Thread 0x00007f7750016000 Exception <a 'java/lang/NoSuchMethodError'{0x0000000719689200}: 'int java.lang.invoke.DirectMethodHandle$Holder.invokeSpecialIFC(java.lang.Object, java.lang.Object, int)'> (0x0000000719689200) thrown at [./src/hotspot/share/interpreter/linkResolver.cpp, line 773]
Event: 0,299 Thread 0x00007f7750016000 Exception <a 'java/lang/IncompatibleClassChangeError'{0x00000007194f55a0}: Found class java.lang.Object, but interface was expected> (0x00000007194f55a0) thrown at [./src/hotspot/share/interpreter/linkResolver.cpp, line 839]

Events (20 events):
Event: 0,321 loading class logic/SimpleTransitionSystem done
Event: 0,338 loading class models/LocationPair
Event: 0,338 loading class models/LocationPair done
Event: 0,340 loading class models/Zone
Event: 0,340 loading class models/Zone done
Event: 0,340 loading class models/Transition
Event: 0,340 loading class models/Transition done
Event: 0,346 loading class java/util/LinkedHashMap$LinkedKeySet
Event: 0,346 loading class java/util/LinkedHashMap$LinkedKeySet done
Event: 0,346 loading class java/util/LinkedHashMap$LinkedKeyIterator
Event: 0,346 loading class java/util/LinkedHashMap$LinkedHashIterator
Event: 0,346 loading class java/util/LinkedHashMap$LinkedHashIterator done
Event: 0,346 loading class java/util/LinkedHashMap$LinkedKeyIterator done
Event: 0,412 Loaded shared library /home/niels/Documents/GitHub/Ecdar-GUI/src/libDBM.so
Event: 0,413 Loaded shared library /home/niels/Documents/GitHub/Ecdar-GUI/src/libDBM.so
Event: 0,419 Loaded shared library /home/niels/Documents/GitHub/Ecdar-GUI/src/libDBM.so
Event: 0,425 Loaded shared library /home/niels/Documents/GitHub/Ecdar-GUI/src/libDBM.so
Event: 0,448 Loaded shared library /home/niels/Documents/GitHub/Ecdar-GUI/src/libDBM.so
Event: 0,478 Executing VM operation: ICBufferFull
Event: 0,478 Executing VM operation: ICBufferFull done


Dynamic libraries:
70a200000-719800000 rw-p 00000000 00:00 0 
719800000-800000000 ---p 00000000 00:00 0 
800000000-8000e0000 rw-p 00000000 00:00 0 
8000e0000-840000000 ---p 00000000 00:00 0 
5624d3903000-5624d3904000 r-xp 00000000 103:05 791169                    /usr/lib/jvm/zulu11.41.23-ca-fx-jdk11.0.8-linux_x64/bin/java
5624d3b04000-5624d3b05000 r--p 00001000 103:05 791169                    /usr/lib/jvm/zulu11.41.23-ca-fx-jdk11.0.8-linux_x64/bin/java
5624d3b05000-5624d3b06000 rw-p 00002000 103:05 791169                    /usr/lib/jvm/zulu11.41.23-ca-fx-jdk11.0.8-linux_x64/bin/java
5624d4401000-5624d4422000 rw-p 00000000 00:00 0                          [heap]
7f76e0000000-7f76e0021000 rw-p 00000000 00:00 0 
7f76e0021000-7f76e4000000 ---p 00000000 00:00 0 
7f76e8000000-7f76e8021000 rw-p 00000000 00:00 0 
7f76e8021000-7f76ec000000 ---p 00000000 00:00 0 
7f76ec000000-7f76ec0c6000 rw-p 00000000 00:00 0 
7f76ec0c6000-7f76f0000000 ---p 00000000 00:00 0 
7f76f0000000-7f76f0021000 rw-p 00000000 00:00 0 
7f76f0021000-7f76f4000000 ---p 00000000 00:00 0 
7f76f4000000-7f76f4021000 rw-p 00000000 00:00 0 
7f76f4021000-7f76f8000000 ---p 00000000 00:00 0 
7f76f8000000-7f76f8428000 rw-p 00000000 00:00 0 
7f76f8428000-7f76fc000000 ---p 00000000 00:00 0 
7f76fc000000-7f76fc021000 rw-p 00000000 00:00 0 
7f76fc021000-7f7700000000 ---p 00000000 00:00 0 
7f7700000000-7f7700021000 rw-p 00000000 00:00 0 
7f7700021000-7f7704000000 ---p 00000000 00:00 0 
7f7704000000-7f770446b000 rw-p 00000000 00:00 0 
7f770446b000-7f7708000000 ---p 00000000 00:00 0 
7f7708000000-7f7708021000 rw-p 00000000 00:00 0 
7f7708021000-7f770c000000 ---p 00000000 00:00 0 
7f770c000000-7f770c021000 rw-p 00000000 00:00 0 
7f770c021000-7f7710000000 ---p 00000000 00:00 0 
7f7710000000-7f7710021000 rw-p 00000000 00:00 0 
7f7710021000-7f7714000000 ---p 00000000 00:00 0 
7f7714000000-7f7714021000 rw-p 00000000 00:00 0 
7f7714021000-7f7718000000 ---p 00000000 00:00 0 
7f771a0f2000-7f771a47c000 rw-p 00000000 00:00 0 
7f771a47c000-7f771a480000 ---p 00000000 00:00 0 
7f771a480000-7f771a57d000 rw-p 00000000 00:00 0 
7f771a57d000-7f771a581000 ---p 00000000 00:00 0 
7f771a581000-7f771a67e000 rw-p 00000000 00:00 0 
7f771a67e000-7f771a714000 r--p 00000000 103:05 655559                    /usr/lib/x86_64-linux-gnu/libstdc++.so.6.0.28
7f771a714000-7f771a804000 r-xp 00096000 103:05 655559                    /usr/lib/x86_64-linux-gnu/libstdc++.so.6.0.28
7f771a804000-7f771a84d000 r--p 00186000 103:05 655559                    /usr/lib/x86_64-linux-gnu/libstdc++.so.6.0.28
7f771a84d000-7f771a84e000 ---p 001cf000 103:05 655559                    /usr/lib/x86_64-linux-gnu/libstdc++.so.6.0.28
7f771a84e000-7f771a859000 r--p 001cf000 103:05 655559                    /usr/lib/x86_64-linux-gnu/libstdc++.so.6.0.28
7f771a859000-7f771a85c000 rw-p 001da000 103:05 655559                    /usr/lib/x86_64-linux-gnu/libstdc++.so.6.0.28
7f771a85c000-7f771a85f000 rw-p 00000000 00:00 0 
7f771a85f000-7f771a876000 r-xp 00000000 103:05 791290                    /usr/lib/jvm/zulu11.41.23-ca-fx-jdk11.0.8-linux_x64/lib/libnet.so
7f771a876000-7f771aa75000 ---p 00017000 103:05 791290                    /usr/lib/jvm/zulu11.41.23-ca-fx-jdk11.0.8-linux_x64/lib/libnet.so
7f771aa75000-7f771aa76000 r--p 00016000 103:05 791290                    /usr/lib/jvm/zulu11.41.23-ca-fx-jdk11.0.8-linux_x64/lib/libnet.so
7f771aa76000-7f771aa77000 rw-p 00017000 103:05 791290                    /usr/lib/jvm/zulu11.41.23-ca-fx-jdk11.0.8-linux_x64/lib/libnet.so
7f771aa77000-7f771aa87000 r-xp 00000000 103:05 791323                    /usr/lib/jvm/zulu11.41.23-ca-fx-jdk11.0.8-linux_x64/lib/libnio.so
7f771aa87000-7f771ac87000 ---p 00010000 103:05 791323                    /usr/lib/jvm/zulu11.41.23-ca-fx-jdk11.0.8-linux_x64/lib/libnio.so
7f771ac87000-7f771ac88000 r--p 00010000 103:05 791323                    /usr/lib/jvm/zulu11.41.23-ca-fx-jdk11.0.8-linux_x64/lib/libnio.so
7f771ac88000-7f771ac89000 rw-p 00011000 103:05 791323                    /usr/lib/jvm/zulu11.41.23-ca-fx-jdk11.0.8-linux_x64/lib/libnio.so
7f771ac89000-7f771ac8d000 ---p 00000000 00:00 0 
7f771ac8d000-7f771ad8a000 rw-p 00000000 00:00 0 
7f771ad8a000-7f771ad8b000 ---p 00000000 00:00 0 
7f771ad8b000-7f771ae8c000 rw-p 00000000 00:00 0 
7f771ae8c000-7f771ae90000 ---p 00000000 00:00 0 
7f771ae90000-7f771af8d000 rw-p 00000000 00:00 0 
7f771af8d000-7f771af91000 ---p 00000000 00:00 0 
7f771af91000-7f771b08e000 rw-p 00000000 00:00 0 
7f771b08e000-7f771b092000 ---p 00000000 00:00 0 
7f771b092000-7f771b18f000 rw-p 00000000 00:00 0 
7f771b18f000-7f771b193000 ---p 00000000 00:00 0 
7f771b193000-7f771b290000 rw-p 00000000 00:00 0 
7f771b290000-7f771b800000 r--p 00000000 103:05 655616                    /usr/lib/locale/locale-archive
7f771b800000-7f771bf40000 rw-p 00000000 00:00 0 
7f771bf40000-7f771c000000 ---p 00000000 00:00 0 
7f771c000000-7f771c021000 rw-p 00000000 00:00 0 
7f771c021000-7f7720000000 ---p 00000000 00:00 0 
7f7720000000-7f7720021000 rw-p 00000000 00:00 0 
7f7720021000-7f7724000000 ---p 00000000 00:00 0 
7f7724000000-7f7724021000 rw-p 00000000 00:00 0 
7f7724021000-7f7728000000 ---p 00000000 00:00 0 
7f772806f000-7f7728072000 r--p 00000000 103:05 660807                    /usr/lib/x86_64-linux-gnu/libgcc_s.so.1
7f7728072000-7f7728084000 r-xp 00003000 103:05 660807                    /usr/lib/x86_64-linux-gnu/libgcc_s.so.1
7f7728084000-7f7728088000 r--p 00015000 103:05 660807                    /usr/lib/x86_64-linux-gnu/libgcc_s.so.1
7f7728088000-7f7728089000 r--p 00018000 103:05 660807                    /usr/lib/x86_64-linux-gnu/libgcc_s.so.1
7f7728089000-7f772808a000 rw-p 00019000 103:05 660807                    /usr/lib/x86_64-linux-gnu/libgcc_s.so.1
7f772808a000-7f772808e000 ---p 00000000 00:00 0 
7f772808e000-7f772818b000 rw-p 00000000 00:00 0 
7f772818b000-7f772818f000 ---p 00000000 00:00 0 
7f772818f000-7f772828c000 rw-p 00000000 00:00 0 
7f772828c000-7f7728290000 ---p 00000000 00:00 0 
7f7728290000-7f772838d000 rw-p 00000000 00:00 0 
7f772838d000-7f772838e000 ---p 00000000 00:00 0 
7f772838e000-7f77288e8000 rw-p 00000000 00:00 0 
7f77288e8000-7f772c288000 ---p 00000000 00:00 0 
7f772c288000-7f772c660000 rw-p 00000000 00:00 0 
7f772c660000-7f7730000000 ---p 00000000 00:00 0 
7f7730000000-7f7730021000 rw-p 00000000 00:00 0 
7f7730021000-7f7734000000 ---p 00000000 00:00 0 
7f7734039000-7f7734042000 r--p 00000000 103:07 2499124                   /home/niels/Documents/GitHub/Ecdar-GUI/src/libDBM.so
7f7734042000-7f773405c000 r-xp 00009000 103:07 2499124                   /home/niels/Documents/GitHub/Ecdar-GUI/src/libDBM.so
7f773405c000-7f7734064000 r--p 00023000 103:07 2499124                   /home/niels/Documents/GitHub/Ecdar-GUI/src/libDBM.so
7f7734064000-7f7734065000 r--p 0002a000 103:07 2499124                   /home/niels/Documents/GitHub/Ecdar-GUI/src/libDBM.so
7f7734065000-7f7734066000 rw-p 0002b000 103:07 2499124                   /home/niels/Documents/GitHub/Ecdar-GUI/src/libDBM.so
7f7734066000-7f77340c1000 rw-p 00000000 00:00 0 
7f77340c1000-7f77340c2000 ---p 00000000 00:00 0 
7f77340c2000-7f77341c3000 rw-p 00000000 00:00 0 
7f77341c3000-7f77341c4000 ---p 00000000 00:00 0 
7f77341c4000-7f7736acd000 rw-p 00000000 00:00 0 
7f7736acd000-7f7736ace000 ---p 00000000 00:00 0 
7f7736ace000-7f7736bcf000 rw-p 00000000 00:00 0 
7f7736bcf000-7f7736bd0000 ---p 00000000 00:00 0 
7f7736bd0000-7f7736e4a000 rw-p 00000000 00:00 0 
7f7736e4a000-7f773757e000 ---p 00000000 00:00 0 
7f773757e000-7f77377ee000 rwxp 00000000 00:00 0 
7f77377ee000-7f7737b0f000 ---p 00000000 00:00 0 
7f7737b0f000-7f7737d7f000 rwxp 00000000 00:00 0 
7f7737d7f000-7f773f046000 ---p 00000000 00:00 0 
7f773f046000-7f773f2b6000 rwxp 00000000 00:00 0 
7f773f2b6000-7f774657e000 ---p 00000000 00:00 0 
7f774657e000-7f7750000000 r--s 00000000 103:05 791327                    /usr/lib/jvm/zulu11.41.23-ca-fx-jdk11.0.8-linux_x64/lib/modules
7f7750000000-7f77507a5000 rw-p 00000000 00:00 0 
7f77507a5000-7f7754000000 ---p 00000000 00:00 0 
7f7754008000-7f7754083000 rw-p 00000000 00:00 0 
7f7754083000-7f77547b7000 ---p 00000000 00:00 0 
7f77547b7000-7f7754832000 rw-p 00000000 00:00 0 
7f7754832000-7f7754f66000 ---p 00000000 00:00 0 
7f7754f66000-7f775576e000 rw-p 00000000 00:00 0 
7f775576e000-7f775576f000 ---p 00000000 00:00 0 
7f775576f000-7f7755875000 rw-p 00000000 00:00 0 
7f7755875000-7f775595b000 ---p 00000000 00:00 0 
7f775595b000-7f7755960000 rw-p 00000000 00:00 0 
7f7755960000-7f7755a46000 ---p 00000000 00:00 0 
7f7755a46000-7f7755a4b000 rw-p 00000000 00:00 0 
7f7755a4b000-7f7755a52000 ---p 00000000 00:00 0 
7f7755a52000-7f7755a59000 r-xp 00000000 103:05 791344                    /usr/lib/jvm/zulu11.41.23-ca-fx-jdk11.0.8-linux_x64/lib/libzip.so
7f7755a59000-7f7755c59000 ---p 00007000 103:05 791344                    /usr/lib/jvm/zulu11.41.23-ca-fx-jdk11.0.8-linux_x64/lib/libzip.so
7f7755c59000-7f7755c5a000 r--p 00007000 103:05 791344                    /usr/lib/jvm/zulu11.41.23-ca-fx-jdk11.0.8-linux_x64/lib/libzip.so
7f7755c5a000-7f7755c5b000 rw-p 00000000 00:00 0 
7f7755c5b000-7f7755c75000 r-xp 00000000 103:05 791330                    /usr/lib/jvm/zulu11.41.23-ca-fx-jdk11.0.8-linux_x64/lib/libjimage.so
7f7755c75000-7f7755e74000 ---p 0001a000 103:05 791330                    /usr/lib/jvm/zulu11.41.23-ca-fx-jdk11.0.8-linux_x64/lib/libjimage.so
7f7755e74000-7f7755e76000 r--p 00019000 103:05 791330                    /usr/lib/jvm/zulu11.41.23-ca-fx-jdk11.0.8-linux_x64/lib/libjimage.so
7f7755e76000-7f7755e77000 rw-p 0001b000 103:05 791330                    /usr/lib/jvm/zulu11.41.23-ca-fx-jdk11.0.8-linux_x64/lib/libjimage.so
7f7755e77000-7f7755e88000 rw-p 00000000 00:00 0 
7f7755e88000-7f7755eb1000 r-xp 00000000 103:05 791334                    /usr/lib/jvm/zulu11.41.23-ca-fx-jdk11.0.8-linux_x64/lib/libjava.so
7f7755eb1000-7f77560b1000 ---p 00029000 103:05 791334                    /usr/lib/jvm/zulu11.41.23-ca-fx-jdk11.0.8-linux_x64/lib/libjava.so
7f77560b1000-7f77560b2000 r--p 00029000 103:05 791334                    /usr/lib/jvm/zulu11.41.23-ca-fx-jdk11.0.8-linux_x64/lib/libjava.so
7f77560b2000-7f77560b3000 rw-p 0002a000 103:05 791334                    /usr/lib/jvm/zulu11.41.23-ca-fx-jdk11.0.8-linux_x64/lib/libjava.so
7f77560b3000-7f77560b4000 rw-p 00000000 00:00 0 
7f77560b4000-7f77560c1000 r-xp 00000000 103:05 791354                    /usr/lib/jvm/zulu11.41.23-ca-fx-jdk11.0.8-linux_x64/lib/libverify.so
7f77560c1000-7f77562c0000 ---p 0000d000 103:05 791354                    /usr/lib/jvm/zulu11.41.23-ca-fx-jdk11.0.8-linux_x64/lib/libverify.so
7f77562c0000-7f77562c2000 rw-p 0000c000 103:05 791354                    /usr/lib/jvm/zulu11.41.23-ca-fx-jdk11.0.8-linux_x64/lib/libverify.so
7f77562c2000-7f77562c3000 rw-p 00000000 00:00 0 
7f77562c3000-7f77562c6000 r--p 00000000 103:05 655923                    /usr/lib/x86_64-linux-gnu/librt-2.31.so
7f77562c6000-7f77562ca000 r-xp 00003000 103:05 655923                    /usr/lib/x86_64-linux-gnu/librt-2.31.so
7f77562ca000-7f77562cb000 r--p 00007000 103:05 655923                    /usr/lib/x86_64-linux-gnu/librt-2.31.so
7f77562cb000-7f77562cc000 ---p 00008000 103:05 655923                    /usr/lib/x86_64-linux-gnu/librt-2.31.so
7f77562cc000-7f77562cd000 r--p 00008000 103:05 655923                    /usr/lib/x86_64-linux-gnu/librt-2.31.so
7f77562cd000-7f77562ce000 rw-p 00009000 103:05 655923                    /usr/lib/x86_64-linux-gnu/librt-2.31.so
7f77562ce000-7f77562d2000 ---p 00000000 00:00 0 
7f77562d2000-7f77563cf000 rw-p 00000000 00:00 0 
7f77563cf000-7f77563de000 r--p 00000000 103:05 655589                    /usr/lib/x86_64-linux-gnu/libm-2.31.so
7f77563de000-7f7756485000 r-xp 0000f000 103:05 655589                    /usr/lib/x86_64-linux-gnu/libm-2.31.so
7f7756485000-7f775651c000 r--p 000b6000 103:05 655589                    /usr/lib/x86_64-linux-gnu/libm-2.31.so
7f775651c000-7f775651d000 r--p 0014c000 103:05 655589                    /usr/lib/x86_64-linux-gnu/libm-2.31.so
7f775651d000-7f775651e000 rw-p 0014d000 103:05 655589                    /usr/lib/x86_64-linux-gnu/libm-2.31.so
7f775651e000-7f7757662000 r-xp 00000000 103:05 791298                    /usr/lib/jvm/zulu11.41.23-ca-fx-jdk11.0.8-linux_x64/lib/server/libjvm.so
7f7757662000-7f7757861000 ---p 01144000 103:05 791298                    /usr/lib/jvm/zulu11.41.23-ca-fx-jdk11.0.8-linux_x64/lib/server/libjvm.so
7f7757861000-7f7757936000 r--p 01143000 103:05 791298                    /usr/lib/jvm/zulu11.41.23-ca-fx-jdk11.0.8-linux_x64/lib/server/libjvm.so
7f7757936000-7f7757970000 rw-p 01218000 103:05 791298                    /usr/lib/jvm/zulu11.41.23-ca-fx-jdk11.0.8-linux_x64/lib/server/libjvm.so
7f7757970000-7f77579dd000 rw-p 00000000 00:00 0 
7f77579dd000-7f7757a02000 r--p 00000000 103:05 655538                    /usr/lib/x86_64-linux-gnu/libc-2.31.so
7f7757a02000-7f7757b7a000 r-xp 00025000 103:05 655538                    /usr/lib/x86_64-linux-gnu/libc-2.31.so
7f7757b7a000-7f7757bc4000 r--p 0019d000 103:05 655538                    /usr/lib/x86_64-linux-gnu/libc-2.31.so
7f7757bc4000-7f7757bc5000 ---p 001e7000 103:05 655538                    /usr/lib/x86_64-linux-gnu/libc-2.31.so
7f7757bc5000-7f7757bc8000 r--p 001e7000 103:05 655538                    /usr/lib/x86_64-linux-gnu/libc-2.31.so
7f7757bc8000-7f7757bcb000 rw-p 001ea000 103:05 655538                    /usr/lib/x86_64-linux-gnu/libc-2.31.so
7f7757bcb000-7f7757bcf000 rw-p 00000000 00:00 0 
7f7757bcf000-7f7757bd0000 r--p 00000000 103:05 655543                    /usr/lib/x86_64-linux-gnu/libdl-2.31.so
7f7757bd0000-7f7757bd2000 r-xp 00001000 103:05 655543                    /usr/lib/x86_64-linux-gnu/libdl-2.31.so
7f7757bd2000-7f7757bd3000 r--p 00003000 103:05 655543                    /usr/lib/x86_64-linux-gnu/libdl-2.31.so
7f7757bd3000-7f7757bd4000 r--p 00003000 103:05 655543                    /usr/lib/x86_64-linux-gnu/libdl-2.31.so
7f7757bd4000-7f7757bd5000 rw-p 00004000 103:05 655543                    /usr/lib/x86_64-linux-gnu/libdl-2.31.so
7f7757bd5000-7f7757be4000 r-xp 00000000 103:05 791325                    /usr/lib/jvm/zulu11.41.23-ca-fx-jdk11.0.8-linux_x64/lib/jli/libjli.so
7f7757be4000-7f7757de4000 ---p 0000f000 103:05 791325                    /usr/lib/jvm/zulu11.41.23-ca-fx-jdk11.0.8-linux_x64/lib/jli/libjli.so
7f7757de4000-7f7757de5000 r--p 0000f000 103:05 791325                    /usr/lib/jvm/zulu11.41.23-ca-fx-jdk11.0.8-linux_x64/lib/jli/libjli.so
7f7757de5000-7f7757de6000 rw-p 00010000 103:05 791325                    /usr/lib/jvm/zulu11.41.23-ca-fx-jdk11.0.8-linux_x64/lib/jli/libjli.so
7f7757de6000-7f7757ded000 r--p 00000000 103:05 655817                    /usr/lib/x86_64-linux-gnu/libpthread-2.31.so
7f7757ded000-7f7757dfe000 r-xp 00007000 103:05 655817                    /usr/lib/x86_64-linux-gnu/libpthread-2.31.so
7f7757dfe000-7f7757e03000 r--p 00018000 103:05 655817                    /usr/lib/x86_64-linux-gnu/libpthread-2.31.so
7f7757e03000-7f7757e04000 r--p 0001c000 103:05 655817                    /usr/lib/x86_64-linux-gnu/libpthread-2.31.so
7f7757e04000-7f7757e05000 rw-p 0001d000 103:05 655817                    /usr/lib/x86_64-linux-gnu/libpthread-2.31.so
7f7757e05000-7f7757e09000 rw-p 00000000 00:00 0 
7f7757e09000-7f7757e0b000 r--p 00000000 103:05 656369                    /usr/lib/x86_64-linux-gnu/libz.so.1.2.11
7f7757e0b000-7f7757e1c000 r-xp 00002000 103:05 656369                    /usr/lib/x86_64-linux-gnu/libz.so.1.2.11
7f7757e1c000-7f7757e22000 r--p 00013000 103:05 656369                    /usr/lib/x86_64-linux-gnu/libz.so.1.2.11
7f7757e22000-7f7757e23000 ---p 00019000 103:05 656369                    /usr/lib/x86_64-linux-gnu/libz.so.1.2.11
7f7757e23000-7f7757e24000 r--p 00019000 103:05 656369                    /usr/lib/x86_64-linux-gnu/libz.so.1.2.11
7f7757e24000-7f7757e25000 rw-p 0001a000 103:05 656369                    /usr/lib/x86_64-linux-gnu/libz.so.1.2.11
7f7757e2a000-7f7757e32000 rw-s 00000000 103:05 532400                    /tmp/hsperfdata_niels/44786
7f7757e32000-7f7757e35000 r--p 00000000 103:05 655746                    /usr/lib/x86_64-linux-gnu/libnss_files-2.31.so
7f7757e35000-7f7757e3c000 r-xp 00003000 103:05 655746                    /usr/lib/x86_64-linux-gnu/libnss_files-2.31.so
7f7757e3c000-7f7757e3e000 r--p 0000a000 103:05 655746                    /usr/lib/x86_64-linux-gnu/libnss_files-2.31.so
7f7757e3e000-7f7757e3f000 r--p 0000b000 103:05 655746                    /usr/lib/x86_64-linux-gnu/libnss_files-2.31.so
7f7757e3f000-7f7757e40000 rw-p 0000c000 103:05 655746                    /usr/lib/x86_64-linux-gnu/libnss_files-2.31.so
7f7757e40000-7f7757e46000 rw-p 00000000 00:00 0 
7f7757e46000-7f7757e47000 ---p 00000000 00:00 0 
7f7757e47000-7f7757e48000 r--p 00000000 00:00 0 
7f7757e48000-7f7757e4a000 rw-p 00000000 00:00 0 
7f7757e4a000-7f7757e4b000 r--p 00000000 103:05 655488                    /usr/lib/x86_64-linux-gnu/ld-2.31.so
7f7757e4b000-7f7757e6e000 r-xp 00001000 103:05 655488                    /usr/lib/x86_64-linux-gnu/ld-2.31.so
7f7757e6e000-7f7757e76000 r--p 00024000 103:05 655488                    /usr/lib/x86_64-linux-gnu/ld-2.31.so
7f7757e77000-7f7757e78000 r--p 0002c000 103:05 655488                    /usr/lib/x86_64-linux-gnu/ld-2.31.so
7f7757e78000-7f7757e79000 rw-p 0002d000 103:05 655488                    /usr/lib/x86_64-linux-gnu/ld-2.31.so
7f7757e79000-7f7757e7a000 rw-p 00000000 00:00 0 
7ffeeaa2c000-7ffeeaa4e000 rw-p 00000000 00:00 0                          [stack]
7ffeeaab8000-7ffeeaabb000 r--p 00000000 00:00 0                          [vvar]
7ffeeaabb000-7ffeeaabc000 r-xp 00000000 00:00 0                          [vdso]
ffffffffff600000-ffffffffff601000 --xp 00000000 00:00 0                  [vsyscall]


VM Arguments:
java_command: src/libs/j-Ecdar.jar
java_class_path (initial): src/libs/j-Ecdar.jar
Launcher Type: SUN_STANDARD

[Global flags]
     intx CICompilerCount                          = 4                                         {product} {ergonomic}
     uint ConcGCThreads                            = 2                                         {product} {ergonomic}
     uint G1ConcRefinementThreads                  = 8                                         {product} {ergonomic}
   size_t G1HeapRegionSize                         = 1048576                                   {product} {ergonomic}
    uintx GCDrainStackTargetSize                   = 64                                        {product} {ergonomic}
   size_t InitialHeapSize                          = 257949696                                 {product} {ergonomic}
   size_t MarkStackSize                            = 4194304                                   {product} {ergonomic}
   size_t MaxHeapSize                              = 4125097984                                {product} {ergonomic}
   size_t MaxNewSize                               = 2474639360                                {product} {ergonomic}
   size_t MinHeapDeltaBytes                        = 1048576                                   {product} {ergonomic}
    uintx NonNMethodCodeHeapSize                   = 5836300                                {pd product} {ergonomic}
    uintx NonProfiledCodeHeapSize                  = 122910970                              {pd product} {ergonomic}
    uintx ProfiledCodeHeapSize                     = 122910970                              {pd product} {ergonomic}
    uintx ReservedCodeCacheSize                    = 251658240                              {pd product} {ergonomic}
     bool SegmentedCodeCache                       = true                                      {product} {ergonomic}
     bool UseCompressedClassPointers               = true                                 {lp64_product} {ergonomic}
     bool UseCompressedOops                        = true                                 {lp64_product} {ergonomic}
     bool UseG1GC                                  = true                                      {product} {ergonomic}

Logging:
Log output configuration:
 #0: stdout all=warning uptime,level,tags
 #1: stderr all=off uptime,level,tags

Environment Variables:
JAVA_HOME=/usr/lib/jvm/zulu11.41.23-ca-fx-jdk11.0.8-linux_x64/
PATH=/home/niels/.cargo/bin:/home/niels/.local/bin:/usr/lib/jvm/zulu11.41.23-ca-fx-jdk11.0.8-linux_x64//bin:/usr/local/sbin:/usr/local/bin:/usr/sbin:/usr/bin:/sbin:/bin:/usr/games:/usr/local/games:/snap/bin:/home/niels/bin
USERNAME=niels
SHELL=/bin/bash
DISPLAY=:0
LANG=en_GB.UTF-8

Signal Handlers:
SIGSEGV: [libjvm.so+0xe1ad40], sa_mask[0]=11111111011111111101111111111110, sa_flags=SA_RESTART|SA_SIGINFO
SIGBUS: [libjvm.so+0xe1ad40], sa_mask[0]=11111111011111111101111111111110, sa_flags=SA_RESTART|SA_SIGINFO
SIGFPE: [libjvm.so+0xe1ad40], sa_mask[0]=11111111011111111101111111111110, sa_flags=SA_RESTART|SA_SIGINFO
SIGPIPE: [libjvm.so+0xc0cf30], sa_mask[0]=11111111011111111101111111111110, sa_flags=SA_RESTART|SA_SIGINFO
SIGXFSZ: [libjvm.so+0xc0cf30], sa_mask[0]=11111111011111111101111111111110, sa_flags=SA_RESTART|SA_SIGINFO
SIGILL: [libjvm.so+0xe1ad40], sa_mask[0]=11111111011111111101111111111110, sa_flags=SA_RESTART|SA_SIGINFO
SIGUSR2: [libjvm.so+0xc0cdd0], sa_mask[0]=00100000000000000000000000000000, sa_flags=SA_RESTART|SA_SIGINFO
SIGHUP: [libjvm.so+0xc0d130], sa_mask[0]=11111111011111111101111111111110, sa_flags=SA_RESTART|SA_SIGINFO
SIGINT: [libjvm.so+0xc0d130], sa_mask[0]=11111111011111111101111111111110, sa_flags=SA_RESTART|SA_SIGINFO
SIGTERM: [libjvm.so+0xc0d130], sa_mask[0]=11111111011111111101111111111110, sa_flags=SA_RESTART|SA_SIGINFO
SIGQUIT: [libjvm.so+0xc0d130], sa_mask[0]=11111111011111111101111111111110, sa_flags=SA_RESTART|SA_SIGINFO


---------------  S Y S T E M  ---------------

OS:DISTRIB_ID=Ubuntu
DISTRIB_RELEASE=20.04
DISTRIB_CODENAME=focal
DISTRIB_DESCRIPTION="Ubuntu 20.04.1 LTS"
uname:Linux 5.4.0-54-generic #60-Ubuntu SMP Fri Nov 6 10:37:59 UTC 2020 x86_64
OS uptime: 0 days 9:07 hours
libc:glibc 2.31 NPTL 2.31 
rlimit (soft/hard): STACK 8192k/infinity , CORE 0k/infinity , NPROC 62719/62719 , NOFILE 1048576/1048576 , AS infinity/infinity , CPU infinity/infinity , DATA infinity/infinity , FSIZE infinity/infinity , MEMLOCK 65536k/65536k
load average:2,25 1,34 1,31

/proc/meminfo:
MemTotal:       16113108 kB
MemFree:         2054140 kB
MemAvailable:    7226868 kB
Buffers:          927664 kB
Cached:          6647396 kB
SwapCached:         1468 kB
Active:          9191564 kB
Inactive:        3422548 kB
Active(anon):    5706524 kB
Inactive(anon):  1724160 kB
Active(file):    3485040 kB
Inactive(file):  1698388 kB
Unevictable:      738160 kB
Mlocked:             784 kB
SwapTotal:       1999868 kB
SwapFree:        1982716 kB
Dirty:             12864 kB
Writeback:             0 kB
AnonPages:       5776024 kB
Mapped:           923368 kB
Shmem:           2396024 kB
KReclaimable:     333564 kB
Slab:             558908 kB
SReclaimable:     333564 kB
SUnreclaim:       225344 kB
KernelStack:       19408 kB
PageTables:        45692 kB
NFS_Unstable:          0 kB
Bounce:                0 kB
WritebackTmp:          0 kB
CommitLimit:    10056420 kB
Committed_AS:   16893996 kB
VmallocTotal:   34359738367 kB
VmallocUsed:       41888 kB
VmallocChunk:          0 kB
Percpu:             9728 kB
HardwareCorrupted:     0 kB
AnonHugePages:         0 kB
ShmemHugePages:        0 kB
ShmemPmdMapped:        0 kB
FileHugePages:         0 kB
FilePmdMapped:         0 kB
CmaTotal:              0 kB
CmaFree:               0 kB
HugePages_Total:       0
HugePages_Free:        0
HugePages_Rsvd:        0
HugePages_Surp:        0
Hugepagesize:       2048 kB
Hugetlb:               0 kB
DirectMap4k:      509628 kB
DirectMap2M:    12836864 kB
DirectMap1G:     3145728 kB

/sys/kernel/mm/transparent_hugepage/enabled:
always [madvise] never

/sys/kernel/mm/transparent_hugepage/defrag (defrag/compaction efforts parameter):
always defer defer+madvise [madvise] never


/proc/sys/kernel/threads-max (system-wide limit on the number of threads):
125439


/proc/sys/vm/max_map_count (maximum number of memory map areas a process may have):
65530


/proc/sys/kernel/pid_max (system-wide limit on number of process identifiers):
4194304



container (cgroup) information:
container_type: cgroupv1
cpu_cpuset_cpus: 0-7
cpu_memory_nodes: 0
active_processor_count: 8
cpu_quota: -1
cpu_period: 100000
cpu_shares: -1
memory_limit_in_bytes: -1
memory_and_swap_limit_in_bytes: -2
memory_soft_limit_in_bytes: -1
memory_usage_in_bytes: 11119800320
memory_max_usage_in_bytes: 13066366976

Steal ticks since vm start: 0
Steal ticks percentage since vm start:  0,000

CPU:total 8 (initial active 8) (4 cores per cpu, 2 threads per core) family 6 model 142 stepping 11, cmov, cx8, fxsr, mmx, sse, sse2, sse3, ssse3, sse4.1, sse4.2, popcnt, avx, avx2, aes, clmul, erms, 3dnowpref, lzcnt, ht, tsc, tscinvbit, bmi1, bmi2, adx, fma
CPU Model and flags from /proc/cpuinfo:
model name	: Intel(R) Core(TM) i7-8565U CPU @ 1.80GHz
flags		: fpu vme de pse tsc msr pae mce cx8 apic sep mtrr pge mca cmov pat pse36 clflush dts acpi mmx fxsr sse sse2 ss ht tm pbe syscall nx pdpe1gb rdtscp lm constant_tsc art arch_perfmon pebs bts rep_good nopl xtopology nonstop_tsc cpuid aperfmperf pni pclmulqdq dtes64 monitor ds_cpl vmx est tm2 ssse3 sdbg fma cx16 xtpr pdcm pcid sse4_1 sse4_2 x2apic movbe popcnt tsc_deadline_timer aes xsave avx f16c rdrand lahf_lm abm 3dnowprefetch cpuid_fault epb invpcid_single ssbd ibrs ibpb stibp tpr_shadow vnmi flexpriority ept vpid ept_ad fsgsbase tsc_adjust bmi1 avx2 smep bmi2 erms invpcid mpx rdseed adx smap clflushopt intel_pt xsaveopt xsavec xgetbv1 xsaves dtherm ida arat pln pts hwp hwp_notify hwp_act_window hwp_epp md_clear flush_l1d arch_capabilities

Memory: 4k page, physical 16113108k(2061160k free), swap 1999868k(1982716k free)

vm_info: OpenJDK 64-Bit Server VM (11.0.8+10-LTS) for linux-amd64 JRE (Zulu11.41+23-CA) (11.0.8+10-LTS), built on Jul 13 2020 15:06:22 by "zulu_re" with gcc 4.9.2 20150212 (Red Hat 4.9.2-6)

END.
